[1.449s] Invoking command in '/home/ljk/YDS_ws/build/track_error_calc': CONDA_PROMPT_MODIFIER=(base) PYTHONPATH=/home/ljk/YDS_ws/build/track_error_calc/prefix_override:/usr/lib/python3/dist-packages/colcon_core/task/python/colcon_distutils_commands:/home/ljk/YDS_ws/install/track_error_calc/lib/python3.8/site-packages:${PYTHONPATH} /usr/bin/python3 -W ignore:setup.py install is deprecated -W ignore:easy_install command is deprecated setup.py develop --editable --build-directory /home/ljk/YDS_ws/build/track_error_calc/build --no-deps symlink_data
[1.753s] running develop
[2.109s] running egg_info
[2.109s] creating track_error_calc.egg-info
[2.110s] writing track_error_calc.egg-info/PKG-INFO
[2.110s] writing dependency_links to track_error_calc.egg-info/dependency_links.txt
[2.110s] writing entry points to track_error_calc.egg-info/entry_points.txt
[2.110s] writing requirements to track_error_calc.egg-info/requires.txt
[2.111s] writing top-level names to track_error_calc.egg-info/top_level.txt
[2.116s] writing manifest file 'track_error_calc.egg-info/SOURCES.txt'
[2.159s] reading manifest file 'track_error_calc.egg-info/SOURCES.txt'
[2.160s] writing manifest file 'track_error_calc.egg-info/SOURCES.txt'
[2.223s] running build_ext
[2.224s] Creating /home/ljk/YDS_ws/install/track_error_calc/lib/python3.8/site-packages/site.py
[2.227s] Creating /home/ljk/YDS_ws/install/track_error_calc/lib/python3.8/site-packages/track-error-calc.egg-link (link to .)
[2.229s] Installing rtk_reader script to /home/ljk/YDS_ws/install/track_error_calc/lib/track_error_calc
[2.229s] 
[2.229s] Installed /home/ljk/YDS_ws/build/track_error_calc
[2.230s] running symlink_data
[2.230s] creating /home/ljk/YDS_ws/install/track_error_calc/share/ament_index
[2.230s] creating /home/ljk/YDS_ws/install/track_error_calc/share/ament_index/resource_index
[2.230s] creating /home/ljk/YDS_ws/install/track_error_calc/share/ament_index/resource_index/packages
[2.231s] symbolically linking /home/ljk/YDS_ws/build/track_error_calc/resource/track_error_calc -> /home/ljk/YDS_ws/install/track_error_calc/share/ament_index/resource_index/packages
[2.231s] symbolically linking /home/ljk/YDS_ws/build/track_error_calc/package.xml -> /home/ljk/YDS_ws/install/track_error_calc/share/track_error_calc
[2.296s] Invoked command in '/home/ljk/YDS_ws/build/track_error_calc' returned '0': CONDA_PROMPT_MODIFIER=(base) PYTHONPATH=/home/ljk/YDS_ws/build/track_error_calc/prefix_override:/usr/lib/python3/dist-packages/colcon_core/task/python/colcon_distutils_commands:/home/ljk/YDS_ws/install/track_error_calc/lib/python3.8/site-packages:${PYTHONPATH} /usr/bin/python3 -W ignore:setup.py install is deprecated -W ignore:easy_install command is deprecated setup.py develop --editable --build-directory /home/ljk/YDS_ws/build/track_error_calc/build --no-deps symlink_data
