running develop
running egg_info
creating velodyne_preprocess.egg-info
writing velodyne_preprocess.egg-info/PKG-INFO
writing dependency_links to velodyne_preprocess.egg-info/dependency_links.txt
writing entry points to velodyne_preprocess.egg-info/entry_points.txt
writing requirements to velodyne_preprocess.egg-info/requires.txt
writing top-level names to velodyne_preprocess.egg-info/top_level.txt
writing manifest file 'velodyne_preprocess.egg-info/SOURCES.txt'
reading manifest file 'velodyne_preprocess.egg-info/SOURCES.txt'
writing manifest file 'velodyne_preprocess.egg-info/SOURCES.txt'
running build_ext
Creating /home/ljk/YDS_ws/install/velodyne_preprocess/lib/python3.8/site-packages/site.py
Creating /home/ljk/YDS_ws/install/velodyne_preprocess/lib/python3.8/site-packages/velodyne-preprocess.egg-link (link to .)
Installing rtk_reader script to /home/ljk/YDS_ws/install/velodyne_preprocess/lib/velodyne_preprocess

Installed /home/ljk/YDS_ws/build/velodyne_preprocess
running symlink_data
creating /home/ljk/YDS_ws/install/velodyne_preprocess/share/ament_index
creating /home/ljk/YDS_ws/install/velodyne_preprocess/share/ament_index/resource_index
creating /home/ljk/YDS_ws/install/velodyne_preprocess/share/ament_index/resource_index/packages
symbolically linking /home/ljk/YDS_ws/build/velodyne_preprocess/resource/velodyne_preprocess -> /home/ljk/YDS_ws/install/velodyne_preprocess/share/ament_index/resource_index/packages
symbolically linking /home/ljk/YDS_ws/build/velodyne_preprocess/package.xml -> /home/ljk/YDS_ws/install/velodyne_preprocess/share/velodyne_preprocess
