[0.199s] DEBUG:colcon:Command line arguments: ['/usr/bin/colcon', 'build', '--symlink-install']
[0.199s] DEBUG:colcon:Parsed command line arguments: Namespace(allow_overriding=[], ament_cmake_args=None, base_paths=['.'], build_base='build', catkin_cmake_args=None, catkin_skip_building_tests=False, cmake_args=None, cmake_clean_cache=False, cmake_clean_first=False, cmake_force_configure=False, cmake_target=None, cmake_target_skip_unavailable=False, continue_on_error=False, event_handlers=None, executor='parallel', ignore_user_meta=False, install_base='install', log_base=None, log_level=None, main=<bound method BuildVerb.main of <colcon_core.verb.build.BuildVerb object at 0x7f61c934ef40>>, merge_install=False, metas=['./colcon.meta'], packages_above=None, packages_above_and_dependencies=None, packages_above_depth=None, packages_end=None, packages_ignore=None, packages_ignore_regex=None, packages_select=None, packages_select_build_failed=False, packages_select_by_dep=None, packages_select_regex=None, packages_select_test_failures=False, packages_skip=None, packages_skip_build_finished=False, packages_skip_by_dep=None, packages_skip_regex=None, packages_skip_test_passed=False, packages_skip_up_to=None, packages_start=None, packages_up_to=None, packages_up_to_regex=None, parallel_workers=2, paths=None, symlink_install=True, test_result_base=None, verb_extension=<colcon_core.verb.build.BuildVerb object at 0x7f61c934ef40>, verb_name='build', verb_parser=<colcon_defaults.argument_parser.defaults.DefaultArgumentsDecorator object at 0x7f61c935a490>)
[0.365s] Level 1:colcon.colcon_core.package_discovery:discover_packages(colcon_meta) check parameters
[0.366s] Level 1:colcon.colcon_core.package_discovery:discover_packages(recursive) check parameters
[0.366s] Level 1:colcon.colcon_core.package_discovery:discover_packages(ignore) check parameters
[0.366s] Level 1:colcon.colcon_core.package_discovery:discover_packages(path) check parameters
[0.366s] Level 1:colcon.colcon_core.package_discovery:discover_packages(colcon_meta) discover
[0.366s] Level 1:colcon.colcon_core.package_discovery:discover_packages(recursive) discover
[0.366s] INFO:colcon.colcon_core.package_discovery:Crawling recursively for packages in '/home/ljk/YDS_ws'
[0.366s] Level 1:colcon.colcon_core.package_identification:_identify(.) by extensions ['ignore', 'ignore_ament_install']
[0.366s] Level 1:colcon.colcon_core.package_identification:_identify(.) by extension 'ignore'
[0.366s] Level 1:colcon.colcon_core.package_identification:_identify(.) by extension 'ignore_ament_install'
[0.366s] Level 1:colcon.colcon_core.package_identification:_identify(.) by extensions ['colcon_pkg']
[0.366s] Level 1:colcon.colcon_core.package_identification:_identify(.) by extension 'colcon_pkg'
[0.366s] Level 1:colcon.colcon_core.package_identification:_identify(.) by extensions ['colcon_meta']
[0.366s] Level 1:colcon.colcon_core.package_identification:_identify(.) by extension 'colcon_meta'
[0.366s] Level 1:colcon.colcon_core.package_identification:_identify(.) by extensions ['ros']
[0.366s] Level 1:colcon.colcon_core.package_identification:_identify(.) by extension 'ros'
[0.377s] Level 1:colcon.colcon_core.package_identification:_identify(.) by extensions ['cmake', 'python']
[0.377s] Level 1:colcon.colcon_core.package_identification:_identify(.) by extension 'cmake'
[0.377s] Level 1:colcon.colcon_core.package_identification:_identify(.) by extension 'python'
[0.377s] Level 1:colcon.colcon_core.package_identification:_identify(.) by extensions ['python_setup_py']
[0.377s] Level 1:colcon.colcon_core.package_identification:_identify(.) by extension 'python_setup_py'
[0.377s] Level 1:colcon.colcon_core.package_identification:_identify(build) by extensions ['ignore', 'ignore_ament_install']
[0.377s] Level 1:colcon.colcon_core.package_identification:_identify(build) by extension 'ignore'
[0.377s] Level 1:colcon.colcon_core.package_identification:_identify(build) ignored
[0.377s] Level 1:colcon.colcon_core.package_identification:_identify(install) by extensions ['ignore', 'ignore_ament_install']
[0.378s] Level 1:colcon.colcon_core.package_identification:_identify(install) by extension 'ignore'
[0.378s] Level 1:colcon.colcon_core.package_identification:_identify(install) ignored
[0.378s] Level 1:colcon.colcon_core.package_identification:_identify(log) by extensions ['ignore', 'ignore_ament_install']
[0.378s] Level 1:colcon.colcon_core.package_identification:_identify(log) by extension 'ignore'
[0.378s] Level 1:colcon.colcon_core.package_identification:_identify(log) ignored
[0.378s] Level 1:colcon.colcon_core.package_identification:_identify(src) by extensions ['ignore', 'ignore_ament_install']
[0.378s] Level 1:colcon.colcon_core.package_identification:_identify(src) by extension 'ignore'
[0.378s] Level 1:colcon.colcon_core.package_identification:_identify(src) by extension 'ignore_ament_install'
[0.378s] Level 1:colcon.colcon_core.package_identification:_identify(src) by extensions ['colcon_pkg']
[0.378s] Level 1:colcon.colcon_core.package_identification:_identify(src) by extension 'colcon_pkg'
[0.378s] Level 1:colcon.colcon_core.package_identification:_identify(src) by extensions ['colcon_meta']
[0.378s] Level 1:colcon.colcon_core.package_identification:_identify(src) by extension 'colcon_meta'
[0.378s] Level 1:colcon.colcon_core.package_identification:_identify(src) by extensions ['ros']
[0.378s] Level 1:colcon.colcon_core.package_identification:_identify(src) by extension 'ros'
[0.378s] Level 1:colcon.colcon_core.package_identification:_identify(src) by extensions ['cmake', 'python']
[0.378s] Level 1:colcon.colcon_core.package_identification:_identify(src) by extension 'cmake'
[0.379s] Level 1:colcon.colcon_core.package_identification:_identify(src) by extension 'python'
[0.379s] Level 1:colcon.colcon_core.package_identification:_identify(src) by extensions ['python_setup_py']
[0.379s] Level 1:colcon.colcon_core.package_identification:_identify(src) by extension 'python_setup_py'
[0.379s] Level 1:colcon.colcon_core.package_identification:_identify(src/rtk_reader) by extensions ['ignore', 'ignore_ament_install']
[0.379s] Level 1:colcon.colcon_core.package_identification:_identify(src/rtk_reader) by extension 'ignore'
[0.379s] Level 1:colcon.colcon_core.package_identification:_identify(src/rtk_reader) by extension 'ignore_ament_install'
[0.379s] Level 1:colcon.colcon_core.package_identification:_identify(src/rtk_reader) by extensions ['colcon_pkg']
[0.379s] Level 1:colcon.colcon_core.package_identification:_identify(src/rtk_reader) by extension 'colcon_pkg'
[0.379s] Level 1:colcon.colcon_core.package_identification:_identify(src/rtk_reader) by extensions ['colcon_meta']
[0.379s] Level 1:colcon.colcon_core.package_identification:_identify(src/rtk_reader) by extension 'colcon_meta'
[0.379s] Level 1:colcon.colcon_core.package_identification:_identify(src/rtk_reader) by extensions ['ros']
[0.379s] Level 1:colcon.colcon_core.package_identification:_identify(src/rtk_reader) by extension 'ros'
[0.381s] DEBUG:colcon.colcon_core.package_identification:Package 'src/rtk_reader' with type 'ros.ament_python' and name 'rtk_reader'
[0.382s] Level 1:colcon.colcon_core.package_identification:_identify(src/rtk_to_local) by extensions ['ignore', 'ignore_ament_install']
[0.382s] Level 1:colcon.colcon_core.package_identification:_identify(src/rtk_to_local) by extension 'ignore'
[0.382s] Level 1:colcon.colcon_core.package_identification:_identify(src/rtk_to_local) by extension 'ignore_ament_install'
[0.382s] Level 1:colcon.colcon_core.package_identification:_identify(src/rtk_to_local) by extensions ['colcon_pkg']
[0.382s] Level 1:colcon.colcon_core.package_identification:_identify(src/rtk_to_local) by extension 'colcon_pkg'
[0.382s] Level 1:colcon.colcon_core.package_identification:_identify(src/rtk_to_local) by extensions ['colcon_meta']
[0.382s] Level 1:colcon.colcon_core.package_identification:_identify(src/rtk_to_local) by extension 'colcon_meta'
[0.382s] Level 1:colcon.colcon_core.package_identification:_identify(src/rtk_to_local) by extensions ['ros']
[0.382s] Level 1:colcon.colcon_core.package_identification:_identify(src/rtk_to_local) by extension 'ros'
[0.383s] DEBUG:colcon.colcon_core.package_identification:Package 'src/rtk_to_local' with type 'ros.ament_python' and name 'rtk_to_local'
[0.383s] Level 1:colcon.colcon_core.package_identification:_identify(src/track_error_calc) by extensions ['ignore', 'ignore_ament_install']
[0.383s] Level 1:colcon.colcon_core.package_identification:_identify(src/track_error_calc) by extension 'ignore'
[0.383s] Level 1:colcon.colcon_core.package_identification:_identify(src/track_error_calc) by extension 'ignore_ament_install'
[0.383s] Level 1:colcon.colcon_core.package_identification:_identify(src/track_error_calc) by extensions ['colcon_pkg']
[0.383s] Level 1:colcon.colcon_core.package_identification:_identify(src/track_error_calc) by extension 'colcon_pkg'
[0.383s] Level 1:colcon.colcon_core.package_identification:_identify(src/track_error_calc) by extensions ['colcon_meta']
[0.383s] Level 1:colcon.colcon_core.package_identification:_identify(src/track_error_calc) by extension 'colcon_meta'
[0.383s] Level 1:colcon.colcon_core.package_identification:_identify(src/track_error_calc) by extensions ['ros']
[0.383s] Level 1:colcon.colcon_core.package_identification:_identify(src/track_error_calc) by extension 'ros'
[0.384s] DEBUG:colcon.colcon_core.package_identification:Package 'src/track_error_calc' with type 'ros.ament_python' and name 'track_error_calc'
[0.384s] Level 1:colcon.colcon_core.package_identification:_identify(src/velodyne_preprocess) by extensions ['ignore', 'ignore_ament_install']
[0.384s] Level 1:colcon.colcon_core.package_identification:_identify(src/velodyne_preprocess) by extension 'ignore'
[0.384s] Level 1:colcon.colcon_core.package_identification:_identify(src/velodyne_preprocess) by extension 'ignore_ament_install'
[0.384s] Level 1:colcon.colcon_core.package_identification:_identify(src/velodyne_preprocess) by extensions ['colcon_pkg']
[0.384s] Level 1:colcon.colcon_core.package_identification:_identify(src/velodyne_preprocess) by extension 'colcon_pkg'
[0.384s] Level 1:colcon.colcon_core.package_identification:_identify(src/velodyne_preprocess) by extensions ['colcon_meta']
[0.384s] Level 1:colcon.colcon_core.package_identification:_identify(src/velodyne_preprocess) by extension 'colcon_meta'
[0.384s] Level 1:colcon.colcon_core.package_identification:_identify(src/velodyne_preprocess) by extensions ['ros']
[0.384s] Level 1:colcon.colcon_core.package_identification:_identify(src/velodyne_preprocess) by extension 'ros'
[0.385s] DEBUG:colcon.colcon_core.package_identification:Package 'src/velodyne_preprocess' with type 'ros.ament_python' and name 'velodyne_preprocess'
[0.385s] Level 1:colcon.colcon_core.package_discovery:discover_packages(recursive) using defaults
[0.385s] Level 1:colcon.colcon_core.package_discovery:discover_packages(ignore) discover
[0.385s] Level 1:colcon.colcon_core.package_discovery:discover_packages(ignore) using defaults
[0.385s] Level 1:colcon.colcon_core.package_discovery:discover_packages(path) discover
[0.385s] Level 1:colcon.colcon_core.package_discovery:discover_packages(path) using defaults
[0.402s] Level 1:colcon.colcon_core.package_discovery:discover_packages(prefix_path) check parameters
[0.402s] Level 1:colcon.colcon_core.package_discovery:discover_packages(prefix_path) discover
[0.404s] DEBUG:colcon.colcon_installed_package_information.package_discovery:Found 4 installed packages in /home/ljk/YDS_ws/install
[0.405s] DEBUG:colcon.colcon_installed_package_information.package_discovery:Found 256 installed packages in /opt/ros/foxy
[0.415s] Level 1:colcon.colcon_core.package_discovery:discover_packages(prefix_path) using defaults
[0.472s] Level 5:colcon.colcon_core.verb:set package 'rtk_reader' build argument 'cmake_args' from command line to 'None'
[0.472s] Level 5:colcon.colcon_core.verb:set package 'rtk_reader' build argument 'cmake_target' from command line to 'None'
[0.472s] Level 5:colcon.colcon_core.verb:set package 'rtk_reader' build argument 'cmake_target_skip_unavailable' from command line to 'False'
[0.472s] Level 5:colcon.colcon_core.verb:set package 'rtk_reader' build argument 'cmake_clean_cache' from command line to 'False'
[0.472s] Level 5:colcon.colcon_core.verb:set package 'rtk_reader' build argument 'cmake_clean_first' from command line to 'False'
[0.472s] Level 5:colcon.colcon_core.verb:set package 'rtk_reader' build argument 'cmake_force_configure' from command line to 'False'
[0.473s] Level 5:colcon.colcon_core.verb:set package 'rtk_reader' build argument 'ament_cmake_args' from command line to 'None'
[0.473s] Level 5:colcon.colcon_core.verb:set package 'rtk_reader' build argument 'catkin_cmake_args' from command line to 'None'
[0.473s] Level 5:colcon.colcon_core.verb:set package 'rtk_reader' build argument 'catkin_skip_building_tests' from command line to 'False'
[0.473s] DEBUG:colcon.colcon_core.verb:Building package 'rtk_reader' with the following arguments: {'ament_cmake_args': None, 'build_base': '/home/ljk/YDS_ws/build/rtk_reader', 'catkin_cmake_args': None, 'catkin_skip_building_tests': False, 'cmake_args': None, 'cmake_clean_cache': False, 'cmake_clean_first': False, 'cmake_force_configure': False, 'cmake_target': None, 'cmake_target_skip_unavailable': False, 'install_base': '/home/ljk/YDS_ws/install/rtk_reader', 'merge_install': False, 'path': '/home/ljk/YDS_ws/src/rtk_reader', 'symlink_install': True, 'test_result_base': None}
[0.473s] Level 5:colcon.colcon_core.verb:set package 'rtk_to_local' build argument 'cmake_args' from command line to 'None'
[0.473s] Level 5:colcon.colcon_core.verb:set package 'rtk_to_local' build argument 'cmake_target' from command line to 'None'
[0.473s] Level 5:colcon.colcon_core.verb:set package 'rtk_to_local' build argument 'cmake_target_skip_unavailable' from command line to 'False'
[0.473s] Level 5:colcon.colcon_core.verb:set package 'rtk_to_local' build argument 'cmake_clean_cache' from command line to 'False'
[0.473s] Level 5:colcon.colcon_core.verb:set package 'rtk_to_local' build argument 'cmake_clean_first' from command line to 'False'
[0.473s] Level 5:colcon.colcon_core.verb:set package 'rtk_to_local' build argument 'cmake_force_configure' from command line to 'False'
[0.473s] Level 5:colcon.colcon_core.verb:set package 'rtk_to_local' build argument 'ament_cmake_args' from command line to 'None'
[0.473s] Level 5:colcon.colcon_core.verb:set package 'rtk_to_local' build argument 'catkin_cmake_args' from command line to 'None'
[0.473s] Level 5:colcon.colcon_core.verb:set package 'rtk_to_local' build argument 'catkin_skip_building_tests' from command line to 'False'
[0.473s] DEBUG:colcon.colcon_core.verb:Building package 'rtk_to_local' with the following arguments: {'ament_cmake_args': None, 'build_base': '/home/ljk/YDS_ws/build/rtk_to_local', 'catkin_cmake_args': None, 'catkin_skip_building_tests': False, 'cmake_args': None, 'cmake_clean_cache': False, 'cmake_clean_first': False, 'cmake_force_configure': False, 'cmake_target': None, 'cmake_target_skip_unavailable': False, 'install_base': '/home/ljk/YDS_ws/install/rtk_to_local', 'merge_install': False, 'path': '/home/ljk/YDS_ws/src/rtk_to_local', 'symlink_install': True, 'test_result_base': None}
[0.474s] Level 5:colcon.colcon_core.verb:set package 'track_error_calc' build argument 'cmake_args' from command line to 'None'
[0.474s] Level 5:colcon.colcon_core.verb:set package 'track_error_calc' build argument 'cmake_target' from command line to 'None'
[0.474s] Level 5:colcon.colcon_core.verb:set package 'track_error_calc' build argument 'cmake_target_skip_unavailable' from command line to 'False'
[0.474s] Level 5:colcon.colcon_core.verb:set package 'track_error_calc' build argument 'cmake_clean_cache' from command line to 'False'
[0.474s] Level 5:colcon.colcon_core.verb:set package 'track_error_calc' build argument 'cmake_clean_first' from command line to 'False'
[0.474s] Level 5:colcon.colcon_core.verb:set package 'track_error_calc' build argument 'cmake_force_configure' from command line to 'False'
[0.474s] Level 5:colcon.colcon_core.verb:set package 'track_error_calc' build argument 'ament_cmake_args' from command line to 'None'
[0.474s] Level 5:colcon.colcon_core.verb:set package 'track_error_calc' build argument 'catkin_cmake_args' from command line to 'None'
[0.474s] Level 5:colcon.colcon_core.verb:set package 'track_error_calc' build argument 'catkin_skip_building_tests' from command line to 'False'
[0.474s] DEBUG:colcon.colcon_core.verb:Building package 'track_error_calc' with the following arguments: {'ament_cmake_args': None, 'build_base': '/home/ljk/YDS_ws/build/track_error_calc', 'catkin_cmake_args': None, 'catkin_skip_building_tests': False, 'cmake_args': None, 'cmake_clean_cache': False, 'cmake_clean_first': False, 'cmake_force_configure': False, 'cmake_target': None, 'cmake_target_skip_unavailable': False, 'install_base': '/home/ljk/YDS_ws/install/track_error_calc', 'merge_install': False, 'path': '/home/ljk/YDS_ws/src/track_error_calc', 'symlink_install': True, 'test_result_base': None}
[0.474s] Level 5:colcon.colcon_core.verb:set package 'velodyne_preprocess' build argument 'cmake_args' from command line to 'None'
[0.474s] Level 5:colcon.colcon_core.verb:set package 'velodyne_preprocess' build argument 'cmake_target' from command line to 'None'
[0.474s] Level 5:colcon.colcon_core.verb:set package 'velodyne_preprocess' build argument 'cmake_target_skip_unavailable' from command line to 'False'
[0.474s] Level 5:colcon.colcon_core.verb:set package 'velodyne_preprocess' build argument 'cmake_clean_cache' from command line to 'False'
[0.474s] Level 5:colcon.colcon_core.verb:set package 'velodyne_preprocess' build argument 'cmake_clean_first' from command line to 'False'
[0.474s] Level 5:colcon.colcon_core.verb:set package 'velodyne_preprocess' build argument 'cmake_force_configure' from command line to 'False'
[0.474s] Level 5:colcon.colcon_core.verb:set package 'velodyne_preprocess' build argument 'ament_cmake_args' from command line to 'None'
[0.474s] Level 5:colcon.colcon_core.verb:set package 'velodyne_preprocess' build argument 'catkin_cmake_args' from command line to 'None'
[0.474s] Level 5:colcon.colcon_core.verb:set package 'velodyne_preprocess' build argument 'catkin_skip_building_tests' from command line to 'False'
[0.474s] DEBUG:colcon.colcon_core.verb:Building package 'velodyne_preprocess' with the following arguments: {'ament_cmake_args': None, 'build_base': '/home/ljk/YDS_ws/build/velodyne_preprocess', 'catkin_cmake_args': None, 'catkin_skip_building_tests': False, 'cmake_args': None, 'cmake_clean_cache': False, 'cmake_clean_first': False, 'cmake_force_configure': False, 'cmake_target': None, 'cmake_target_skip_unavailable': False, 'install_base': '/home/ljk/YDS_ws/install/velodyne_preprocess', 'merge_install': False, 'path': '/home/ljk/YDS_ws/src/velodyne_preprocess', 'symlink_install': True, 'test_result_base': None}
[0.475s] INFO:colcon.colcon_core.executor:Executing jobs using 'parallel' executor
[0.476s] DEBUG:colcon.colcon_parallel_executor.executor.parallel:run_until_complete
[0.476s] INFO:colcon.colcon_ros.task.ament_python.build:Building ROS package in '/home/ljk/YDS_ws/src/rtk_reader' with build type 'ament_python'
[0.476s] Level 1:colcon.colcon_core.shell:create_environment_hook('rtk_reader', 'ament_prefix_path')
[0.478s] INFO:colcon.colcon_core.plugin_system:Skipping extension 'colcon_core.shell.bat': Not used on non-Windows systems
[0.479s] INFO:colcon.colcon_core.shell:Creating environment hook '/home/ljk/YDS_ws/install/rtk_reader/share/rtk_reader/hook/ament_prefix_path.ps1'
[0.479s] INFO:colcon.colcon_core.shell:Creating environment descriptor '/home/ljk/YDS_ws/install/rtk_reader/share/rtk_reader/hook/ament_prefix_path.dsv'
[0.480s] INFO:colcon.colcon_core.shell:Creating environment hook '/home/ljk/YDS_ws/install/rtk_reader/share/rtk_reader/hook/ament_prefix_path.sh'
[0.481s] INFO:colcon.colcon_core.shell:Skip shell extension 'powershell' for command environment: Not usable outside of PowerShell
[0.481s] DEBUG:colcon.colcon_core.shell:Skip shell extension 'dsv' for command environment
[0.496s] INFO:colcon.colcon_ros.task.ament_python.build:Building ROS package in '/home/ljk/YDS_ws/src/rtk_to_local' with build type 'ament_python'
[0.497s] Level 1:colcon.colcon_core.shell:create_environment_hook('rtk_to_local', 'ament_prefix_path')
[0.497s] INFO:colcon.colcon_core.shell:Creating environment hook '/home/ljk/YDS_ws/install/rtk_to_local/share/rtk_to_local/hook/ament_prefix_path.ps1'
[0.499s] INFO:colcon.colcon_core.shell:Creating environment descriptor '/home/ljk/YDS_ws/install/rtk_to_local/share/rtk_to_local/hook/ament_prefix_path.dsv'
[0.504s] INFO:colcon.colcon_core.shell:Creating environment hook '/home/ljk/YDS_ws/install/rtk_to_local/share/rtk_to_local/hook/ament_prefix_path.sh'
[0.505s] INFO:colcon.colcon_core.shell:Skip shell extension 'powershell' for command environment: Not usable outside of PowerShell
[0.505s] DEBUG:colcon.colcon_core.shell:Skip shell extension 'dsv' for command environment
[0.814s] INFO:colcon.colcon_core.task.python.build:Building Python package in '/home/ljk/YDS_ws/src/rtk_reader'
[0.815s] INFO:colcon.colcon_core.shell:Skip shell extension 'powershell' for command environment: Not usable outside of PowerShell
[0.815s] DEBUG:colcon.colcon_core.shell:Skip shell extension 'dsv' for command environment
[1.069s] INFO:colcon.colcon_core.task.python.build:Building Python package in '/home/ljk/YDS_ws/src/rtk_to_local'
[1.070s] INFO:colcon.colcon_core.shell:Skip shell extension 'powershell' for command environment: Not usable outside of PowerShell
[1.070s] DEBUG:colcon.colcon_core.shell:Skip shell extension 'dsv' for command environment
[1.580s] DEBUG:colcon.colcon_core.event_handler.log_command:Invoking command in '/home/ljk/YDS_ws/build/rtk_to_local': CONDA_PROMPT_MODIFIER=(base) PYTHONPATH=/home/ljk/YDS_ws/build/rtk_to_local/prefix_override:/usr/lib/python3/dist-packages/colcon_core/task/python/colcon_distutils_commands:/home/ljk/YDS_ws/install/rtk_to_local/lib/python3.8/site-packages:${PYTHONPATH} /usr/bin/python3 -W ignore:setup.py install is deprecated -W ignore:easy_install command is deprecated setup.py develop --editable --build-directory /home/ljk/YDS_ws/build/rtk_to_local/build --no-deps symlink_data
[1.677s] DEBUG:colcon.colcon_core.event_handler.log_command:Invoking command in '/home/ljk/YDS_ws/build/rtk_reader': CONDA_PROMPT_MODIFIER=(base) PYTHONPATH=/home/ljk/YDS_ws/build/rtk_reader/prefix_override:/usr/lib/python3/dist-packages/colcon_core/task/python/colcon_distutils_commands:/home/ljk/YDS_ws/install/rtk_reader/lib/python3.8/site-packages:${PYTHONPATH} /usr/bin/python3 -W ignore:setup.py install is deprecated -W ignore:easy_install command is deprecated setup.py develop --editable --build-directory /home/ljk/YDS_ws/build/rtk_reader/build --no-deps symlink_data
[2.223s] Level 1:colcon.colcon_core.shell:create_environment_hook('rtk_to_local', 'pythonpath_develop')
[2.225s] INFO:colcon.colcon_core.shell:Creating environment hook '/home/ljk/YDS_ws/build/rtk_to_local/share/rtk_to_local/hook/pythonpath_develop.ps1'
[2.224s] DEBUG:colcon.colcon_core.event_handler.log_command:Invoked command in '/home/ljk/YDS_ws/build/rtk_to_local' returned '0': CONDA_PROMPT_MODIFIER=(base) PYTHONPATH=/home/ljk/YDS_ws/build/rtk_to_local/prefix_override:/usr/lib/python3/dist-packages/colcon_core/task/python/colcon_distutils_commands:/home/ljk/YDS_ws/install/rtk_to_local/lib/python3.8/site-packages:${PYTHONPATH} /usr/bin/python3 -W ignore:setup.py install is deprecated -W ignore:easy_install command is deprecated setup.py develop --editable --build-directory /home/ljk/YDS_ws/build/rtk_to_local/build --no-deps symlink_data
[2.226s] INFO:colcon.colcon_core.shell:Creating environment descriptor '/home/ljk/YDS_ws/build/rtk_to_local/share/rtk_to_local/hook/pythonpath_develop.dsv'
[2.228s] INFO:colcon.colcon_core.shell:Creating environment hook '/home/ljk/YDS_ws/build/rtk_to_local/share/rtk_to_local/hook/pythonpath_develop.sh'
[2.231s] Level 1:colcon.colcon_core.environment:checking '/home/ljk/YDS_ws/install/rtk_to_local' for CMake module files
[2.232s] Level 1:colcon.colcon_core.environment:checking '/home/ljk/YDS_ws/install/rtk_to_local' for CMake config files
[2.232s] Level 1:colcon.colcon_core.environment:checking '/home/ljk/YDS_ws/install/rtk_to_local/lib'
[2.233s] Level 1:colcon.colcon_core.environment:checking '/home/ljk/YDS_ws/install/rtk_to_local/bin'
[2.233s] Level 1:colcon.colcon_core.environment:checking '/home/ljk/YDS_ws/install/rtk_to_local/lib/pkgconfig/rtk_to_local.pc'
[2.233s] Level 1:colcon.colcon_core.environment:checking '/home/ljk/YDS_ws/install/rtk_to_local/lib/python3.8/site-packages'
[2.233s] Level 1:colcon.colcon_core.shell:create_environment_hook('rtk_to_local', 'pythonpath')
[2.234s] INFO:colcon.colcon_core.shell:Creating environment hook '/home/ljk/YDS_ws/install/rtk_to_local/share/rtk_to_local/hook/pythonpath.ps1'
[2.234s] INFO:colcon.colcon_core.shell:Creating environment descriptor '/home/ljk/YDS_ws/install/rtk_to_local/share/rtk_to_local/hook/pythonpath.dsv'
[2.235s] INFO:colcon.colcon_core.shell:Creating environment hook '/home/ljk/YDS_ws/install/rtk_to_local/share/rtk_to_local/hook/pythonpath.sh'
[2.236s] Level 1:colcon.colcon_core.environment:checking '/home/ljk/YDS_ws/install/rtk_to_local/bin'
[2.236s] Level 1:colcon.colcon_core.environment:create_environment_scripts_only(rtk_to_local)
[2.237s] INFO:colcon.colcon_core.shell:Creating package script '/home/ljk/YDS_ws/install/rtk_to_local/share/rtk_to_local/package.ps1'
[2.238s] INFO:colcon.colcon_core.shell:Creating package descriptor '/home/ljk/YDS_ws/install/rtk_to_local/share/rtk_to_local/package.dsv'
[2.240s] INFO:colcon.colcon_core.shell:Creating package script '/home/ljk/YDS_ws/install/rtk_to_local/share/rtk_to_local/package.sh'
[2.241s] INFO:colcon.colcon_core.shell:Creating package script '/home/ljk/YDS_ws/install/rtk_to_local/share/rtk_to_local/package.bash'
[2.242s] INFO:colcon.colcon_core.shell:Creating package script '/home/ljk/YDS_ws/install/rtk_to_local/share/rtk_to_local/package.zsh'
[2.243s] Level 1:colcon.colcon_core.environment:create_file_with_runtime_dependencies(/home/ljk/YDS_ws/install/rtk_to_local/share/colcon-core/packages/rtk_to_local)
[2.245s] INFO:colcon.colcon_ros.task.ament_python.build:Building ROS package in '/home/ljk/YDS_ws/src/track_error_calc' with build type 'ament_python'
[2.246s] Level 1:colcon.colcon_core.shell:create_environment_hook('track_error_calc', 'ament_prefix_path')
[2.246s] INFO:colcon.colcon_core.shell:Creating environment hook '/home/ljk/YDS_ws/install/track_error_calc/share/track_error_calc/hook/ament_prefix_path.ps1'
[2.247s] INFO:colcon.colcon_core.shell:Creating environment descriptor '/home/ljk/YDS_ws/install/track_error_calc/share/track_error_calc/hook/ament_prefix_path.dsv'
[2.248s] INFO:colcon.colcon_core.shell:Creating environment hook '/home/ljk/YDS_ws/install/track_error_calc/share/track_error_calc/hook/ament_prefix_path.sh'
[2.249s] INFO:colcon.colcon_core.shell:Skip shell extension 'powershell' for command environment: Not usable outside of PowerShell
[2.249s] DEBUG:colcon.colcon_core.shell:Skip shell extension 'dsv' for command environment
[2.571s] INFO:colcon.colcon_core.task.python.build:Building Python package in '/home/ljk/YDS_ws/src/track_error_calc'
[2.571s] INFO:colcon.colcon_core.shell:Skip shell extension 'powershell' for command environment: Not usable outside of PowerShell
[2.571s] DEBUG:colcon.colcon_core.shell:Skip shell extension 'dsv' for command environment
[2.578s] Level 1:colcon.colcon_core.shell:create_environment_hook('rtk_reader', 'pythonpath_develop')
[2.579s] INFO:colcon.colcon_core.shell:Creating environment hook '/home/ljk/YDS_ws/build/rtk_reader/share/rtk_reader/hook/pythonpath_develop.ps1'
[2.580s] INFO:colcon.colcon_core.shell:Creating environment descriptor '/home/ljk/YDS_ws/build/rtk_reader/share/rtk_reader/hook/pythonpath_develop.dsv'
[2.580s] DEBUG:colcon.colcon_core.event_handler.log_command:Invoked command in '/home/ljk/YDS_ws/build/rtk_reader' returned '0': CONDA_PROMPT_MODIFIER=(base) PYTHONPATH=/home/ljk/YDS_ws/build/rtk_reader/prefix_override:/usr/lib/python3/dist-packages/colcon_core/task/python/colcon_distutils_commands:/home/ljk/YDS_ws/install/rtk_reader/lib/python3.8/site-packages:${PYTHONPATH} /usr/bin/python3 -W ignore:setup.py install is deprecated -W ignore:easy_install command is deprecated setup.py develop --editable --build-directory /home/ljk/YDS_ws/build/rtk_reader/build --no-deps symlink_data
[2.581s] INFO:colcon.colcon_core.shell:Creating environment hook '/home/ljk/YDS_ws/build/rtk_reader/share/rtk_reader/hook/pythonpath_develop.sh'
[2.582s] Level 1:colcon.colcon_core.environment:checking '/home/ljk/YDS_ws/install/rtk_reader' for CMake module files
[2.582s] Level 1:colcon.colcon_core.environment:checking '/home/ljk/YDS_ws/install/rtk_reader' for CMake config files
[2.583s] Level 1:colcon.colcon_core.environment:checking '/home/ljk/YDS_ws/install/rtk_reader/lib'
[2.583s] Level 1:colcon.colcon_core.environment:checking '/home/ljk/YDS_ws/install/rtk_reader/bin'
[2.583s] Level 1:colcon.colcon_core.environment:checking '/home/ljk/YDS_ws/install/rtk_reader/lib/pkgconfig/rtk_reader.pc'
[2.583s] Level 1:colcon.colcon_core.environment:checking '/home/ljk/YDS_ws/install/rtk_reader/lib/python3.8/site-packages'
[2.583s] Level 1:colcon.colcon_core.shell:create_environment_hook('rtk_reader', 'pythonpath')
[2.584s] INFO:colcon.colcon_core.shell:Creating environment hook '/home/ljk/YDS_ws/install/rtk_reader/share/rtk_reader/hook/pythonpath.ps1'
[2.584s] INFO:colcon.colcon_core.shell:Creating environment descriptor '/home/ljk/YDS_ws/install/rtk_reader/share/rtk_reader/hook/pythonpath.dsv'
[2.585s] INFO:colcon.colcon_core.shell:Creating environment hook '/home/ljk/YDS_ws/install/rtk_reader/share/rtk_reader/hook/pythonpath.sh'
[2.585s] Level 1:colcon.colcon_core.environment:checking '/home/ljk/YDS_ws/install/rtk_reader/bin'
[2.585s] Level 1:colcon.colcon_core.environment:create_environment_scripts_only(rtk_reader)
[2.586s] INFO:colcon.colcon_core.shell:Creating package script '/home/ljk/YDS_ws/install/rtk_reader/share/rtk_reader/package.ps1'
[2.586s] INFO:colcon.colcon_core.shell:Creating package descriptor '/home/ljk/YDS_ws/install/rtk_reader/share/rtk_reader/package.dsv'
[2.587s] INFO:colcon.colcon_core.shell:Creating package script '/home/ljk/YDS_ws/install/rtk_reader/share/rtk_reader/package.sh'
[2.587s] INFO:colcon.colcon_core.shell:Creating package script '/home/ljk/YDS_ws/install/rtk_reader/share/rtk_reader/package.bash'
[2.588s] INFO:colcon.colcon_core.shell:Creating package script '/home/ljk/YDS_ws/install/rtk_reader/share/rtk_reader/package.zsh'
[2.588s] Level 1:colcon.colcon_core.environment:create_file_with_runtime_dependencies(/home/ljk/YDS_ws/install/rtk_reader/share/colcon-core/packages/rtk_reader)
[2.590s] INFO:colcon.colcon_ros.task.ament_python.build:Building ROS package in '/home/ljk/YDS_ws/src/velodyne_preprocess' with build type 'ament_python'
[2.591s] Level 1:colcon.colcon_core.shell:create_environment_hook('velodyne_preprocess', 'ament_prefix_path')
[2.591s] INFO:colcon.colcon_core.shell:Creating environment hook '/home/ljk/YDS_ws/install/velodyne_preprocess/share/velodyne_preprocess/hook/ament_prefix_path.ps1'
[2.593s] INFO:colcon.colcon_core.shell:Creating environment descriptor '/home/ljk/YDS_ws/install/velodyne_preprocess/share/velodyne_preprocess/hook/ament_prefix_path.dsv'
[2.594s] INFO:colcon.colcon_core.shell:Creating environment hook '/home/ljk/YDS_ws/install/velodyne_preprocess/share/velodyne_preprocess/hook/ament_prefix_path.sh'
[2.595s] INFO:colcon.colcon_core.shell:Skip shell extension 'powershell' for command environment: Not usable outside of PowerShell
[2.595s] DEBUG:colcon.colcon_core.shell:Skip shell extension 'dsv' for command environment
[2.983s] INFO:colcon.colcon_core.task.python.build:Building Python package in '/home/ljk/YDS_ws/src/velodyne_preprocess'
[2.984s] INFO:colcon.colcon_core.shell:Skip shell extension 'powershell' for command environment: Not usable outside of PowerShell
[2.984s] DEBUG:colcon.colcon_core.shell:Skip shell extension 'dsv' for command environment
[3.224s] DEBUG:colcon.colcon_core.event_handler.log_command:Invoking command in '/home/ljk/YDS_ws/build/track_error_calc': CONDA_PROMPT_MODIFIER=(base) PYTHONPATH=/home/ljk/YDS_ws/build/track_error_calc/prefix_override:/usr/lib/python3/dist-packages/colcon_core/task/python/colcon_distutils_commands:/home/ljk/YDS_ws/install/track_error_calc/lib/python3.8/site-packages:${PYTHONPATH} /usr/bin/python3 -W ignore:setup.py install is deprecated -W ignore:easy_install command is deprecated setup.py develop --editable --build-directory /home/ljk/YDS_ws/build/track_error_calc/build --no-deps symlink_data
[3.623s] DEBUG:colcon.colcon_core.event_handler.log_command:Invoking command in '/home/ljk/YDS_ws/build/velodyne_preprocess': CONDA_PROMPT_MODIFIER=(base) PYTHONPATH=/home/ljk/YDS_ws/build/velodyne_preprocess/prefix_override:/usr/lib/python3/dist-packages/colcon_core/task/python/colcon_distutils_commands:/home/ljk/YDS_ws/install/velodyne_preprocess/lib/python3.8/site-packages:${PYTHONPATH} /usr/bin/python3 -W ignore:setup.py install is deprecated -W ignore:easy_install command is deprecated setup.py develop --editable --build-directory /home/ljk/YDS_ws/build/velodyne_preprocess/build --no-deps symlink_data
[3.962s] Level 1:colcon.colcon_core.shell:create_environment_hook('track_error_calc', 'pythonpath_develop')
[3.963s] INFO:colcon.colcon_core.shell:Creating environment hook '/home/ljk/YDS_ws/build/track_error_calc/share/track_error_calc/hook/pythonpath_develop.ps1'
[3.963s] INFO:colcon.colcon_core.shell:Creating environment descriptor '/home/ljk/YDS_ws/build/track_error_calc/share/track_error_calc/hook/pythonpath_develop.dsv'
[3.964s] DEBUG:colcon.colcon_core.event_handler.log_command:Invoked command in '/home/ljk/YDS_ws/build/track_error_calc' returned '0': CONDA_PROMPT_MODIFIER=(base) PYTHONPATH=/home/ljk/YDS_ws/build/track_error_calc/prefix_override:/usr/lib/python3/dist-packages/colcon_core/task/python/colcon_distutils_commands:/home/ljk/YDS_ws/install/track_error_calc/lib/python3.8/site-packages:${PYTHONPATH} /usr/bin/python3 -W ignore:setup.py install is deprecated -W ignore:easy_install command is deprecated setup.py develop --editable --build-directory /home/ljk/YDS_ws/build/track_error_calc/build --no-deps symlink_data
[3.964s] INFO:colcon.colcon_core.shell:Creating environment hook '/home/ljk/YDS_ws/build/track_error_calc/share/track_error_calc/hook/pythonpath_develop.sh'
[3.965s] Level 1:colcon.colcon_core.environment:checking '/home/ljk/YDS_ws/install/track_error_calc' for CMake module files
[3.966s] Level 1:colcon.colcon_core.environment:checking '/home/ljk/YDS_ws/install/track_error_calc' for CMake config files
[3.966s] Level 1:colcon.colcon_core.environment:checking '/home/ljk/YDS_ws/install/track_error_calc/lib'
[3.967s] Level 1:colcon.colcon_core.environment:checking '/home/ljk/YDS_ws/install/track_error_calc/bin'
[3.967s] Level 1:colcon.colcon_core.environment:checking '/home/ljk/YDS_ws/install/track_error_calc/lib/pkgconfig/track_error_calc.pc'
[3.967s] Level 1:colcon.colcon_core.environment:checking '/home/ljk/YDS_ws/install/track_error_calc/lib/python3.8/site-packages'
[3.967s] Level 1:colcon.colcon_core.shell:create_environment_hook('track_error_calc', 'pythonpath')
[3.968s] INFO:colcon.colcon_core.shell:Creating environment hook '/home/ljk/YDS_ws/install/track_error_calc/share/track_error_calc/hook/pythonpath.ps1'
[3.968s] INFO:colcon.colcon_core.shell:Creating environment descriptor '/home/ljk/YDS_ws/install/track_error_calc/share/track_error_calc/hook/pythonpath.dsv'
[3.969s] INFO:colcon.colcon_core.shell:Creating environment hook '/home/ljk/YDS_ws/install/track_error_calc/share/track_error_calc/hook/pythonpath.sh'
[3.970s] Level 1:colcon.colcon_core.environment:checking '/home/ljk/YDS_ws/install/track_error_calc/bin'
[3.970s] Level 1:colcon.colcon_core.environment:create_environment_scripts_only(track_error_calc)
[3.971s] INFO:colcon.colcon_core.shell:Creating package script '/home/ljk/YDS_ws/install/track_error_calc/share/track_error_calc/package.ps1'
[3.975s] INFO:colcon.colcon_core.shell:Creating package descriptor '/home/ljk/YDS_ws/install/track_error_calc/share/track_error_calc/package.dsv'
[3.976s] INFO:colcon.colcon_core.shell:Creating package script '/home/ljk/YDS_ws/install/track_error_calc/share/track_error_calc/package.sh'
[3.976s] INFO:colcon.colcon_core.shell:Creating package script '/home/ljk/YDS_ws/install/track_error_calc/share/track_error_calc/package.bash'
[3.977s] INFO:colcon.colcon_core.shell:Creating package script '/home/ljk/YDS_ws/install/track_error_calc/share/track_error_calc/package.zsh'
[3.981s] Level 1:colcon.colcon_core.environment:create_file_with_runtime_dependencies(/home/ljk/YDS_ws/install/track_error_calc/share/colcon-core/packages/track_error_calc)
[4.367s] Level 1:colcon.colcon_core.shell:create_environment_hook('velodyne_preprocess', 'pythonpath_develop')
[4.367s] INFO:colcon.colcon_core.shell:Creating environment hook '/home/ljk/YDS_ws/build/velodyne_preprocess/share/velodyne_preprocess/hook/pythonpath_develop.ps1'
[4.368s] INFO:colcon.colcon_core.shell:Creating environment descriptor '/home/ljk/YDS_ws/build/velodyne_preprocess/share/velodyne_preprocess/hook/pythonpath_develop.dsv'
[4.368s] INFO:colcon.colcon_core.shell:Creating environment hook '/home/ljk/YDS_ws/build/velodyne_preprocess/share/velodyne_preprocess/hook/pythonpath_develop.sh'
[4.369s] Level 1:colcon.colcon_core.environment:checking '/home/ljk/YDS_ws/install/velodyne_preprocess' for CMake module files
[4.369s] Level 1:colcon.colcon_core.environment:checking '/home/ljk/YDS_ws/install/velodyne_preprocess' for CMake config files
[4.370s] Level 1:colcon.colcon_core.environment:checking '/home/ljk/YDS_ws/install/velodyne_preprocess/lib'
[4.370s] Level 1:colcon.colcon_core.environment:checking '/home/ljk/YDS_ws/install/velodyne_preprocess/bin'
[4.370s] Level 1:colcon.colcon_core.environment:checking '/home/ljk/YDS_ws/install/velodyne_preprocess/lib/pkgconfig/velodyne_preprocess.pc'
[4.370s] Level 1:colcon.colcon_core.environment:checking '/home/ljk/YDS_ws/install/velodyne_preprocess/lib/python3.8/site-packages'
[4.370s] Level 1:colcon.colcon_core.shell:create_environment_hook('velodyne_preprocess', 'pythonpath')
[4.370s] INFO:colcon.colcon_core.shell:Creating environment hook '/home/ljk/YDS_ws/install/velodyne_preprocess/share/velodyne_preprocess/hook/pythonpath.ps1'
[4.371s] INFO:colcon.colcon_core.shell:Creating environment descriptor '/home/ljk/YDS_ws/install/velodyne_preprocess/share/velodyne_preprocess/hook/pythonpath.dsv'
[4.371s] INFO:colcon.colcon_core.shell:Creating environment hook '/home/ljk/YDS_ws/install/velodyne_preprocess/share/velodyne_preprocess/hook/pythonpath.sh'
[4.372s] Level 1:colcon.colcon_core.environment:checking '/home/ljk/YDS_ws/install/velodyne_preprocess/bin'
[4.372s] DEBUG:colcon.colcon_core.event_handler.log_command:Invoked command in '/home/ljk/YDS_ws/build/velodyne_preprocess' returned '0': CONDA_PROMPT_MODIFIER=(base) PYTHONPATH=/home/ljk/YDS_ws/build/velodyne_preprocess/prefix_override:/usr/lib/python3/dist-packages/colcon_core/task/python/colcon_distutils_commands:/home/ljk/YDS_ws/install/velodyne_preprocess/lib/python3.8/site-packages:${PYTHONPATH} /usr/bin/python3 -W ignore:setup.py install is deprecated -W ignore:easy_install command is deprecated setup.py develop --editable --build-directory /home/ljk/YDS_ws/build/velodyne_preprocess/build --no-deps symlink_data
[4.373s] Level 1:colcon.colcon_core.environment:create_environment_scripts_only(velodyne_preprocess)
[4.373s] INFO:colcon.colcon_core.shell:Creating package script '/home/ljk/YDS_ws/install/velodyne_preprocess/share/velodyne_preprocess/package.ps1'
[4.375s] INFO:colcon.colcon_core.shell:Creating package descriptor '/home/ljk/YDS_ws/install/velodyne_preprocess/share/velodyne_preprocess/package.dsv'
[4.376s] INFO:colcon.colcon_core.shell:Creating package script '/home/ljk/YDS_ws/install/velodyne_preprocess/share/velodyne_preprocess/package.sh'
[4.377s] INFO:colcon.colcon_core.shell:Creating package script '/home/ljk/YDS_ws/install/velodyne_preprocess/share/velodyne_preprocess/package.bash'
[4.378s] INFO:colcon.colcon_core.shell:Creating package script '/home/ljk/YDS_ws/install/velodyne_preprocess/share/velodyne_preprocess/package.zsh'
[4.379s] Level 1:colcon.colcon_core.environment:create_file_with_runtime_dependencies(/home/ljk/YDS_ws/install/velodyne_preprocess/share/colcon-core/packages/velodyne_preprocess)
[4.380s] DEBUG:colcon.colcon_parallel_executor.executor.parallel:closing loop
[4.381s] DEBUG:colcon.colcon_parallel_executor.executor.parallel:loop closed
[4.381s] DEBUG:colcon.colcon_parallel_executor.executor.parallel:run_until_complete finished with '0'
[4.381s] DEBUG:colcon.colcon_core.event_reactor:joining thread
[4.389s] INFO:colcon.colcon_core.plugin_system:Skipping extension 'colcon_notification.desktop_notification.terminal_notifier': Not used on non-Darwin systems
[4.389s] INFO:colcon.colcon_core.plugin_system:Skipping extension 'colcon_notification.desktop_notification.win32': Not used on non-Windows systems
[4.391s] INFO:colcon.colcon_notification.desktop_notification:Sending desktop notification using 'notify2'
[4.414s] DEBUG:colcon.colcon_core.event_reactor:joined thread
[4.415s] INFO:colcon.colcon_core.shell:Creating prefix script '/home/ljk/YDS_ws/install/local_setup.ps1'
[4.416s] INFO:colcon.colcon_core.shell:Creating prefix util module '/home/ljk/YDS_ws/install/_local_setup_util_ps1.py'
[4.417s] INFO:colcon.colcon_core.shell:Creating prefix chain script '/home/ljk/YDS_ws/install/setup.ps1'
[4.419s] INFO:colcon.colcon_core.shell:Creating prefix script '/home/ljk/YDS_ws/install/local_setup.sh'
[4.420s] INFO:colcon.colcon_core.shell:Creating prefix util module '/home/ljk/YDS_ws/install/_local_setup_util_sh.py'
[4.422s] INFO:colcon.colcon_core.shell:Creating prefix chain script '/home/ljk/YDS_ws/install/setup.sh'
[4.424s] INFO:colcon.colcon_core.shell:Creating prefix script '/home/ljk/YDS_ws/install/local_setup.bash'
[4.424s] INFO:colcon.colcon_core.shell:Creating prefix chain script '/home/ljk/YDS_ws/install/setup.bash'
[4.426s] INFO:colcon.colcon_core.shell:Creating prefix script '/home/ljk/YDS_ws/install/local_setup.zsh'
[4.426s] INFO:colcon.colcon_core.shell:Creating prefix chain script '/home/ljk/YDS_ws/install/setup.zsh'
