[0.198s] DEBUG:colcon:Command line arguments: ['/usr/bin/colcon', 'build', '--symlink-install']
[0.198s] DEBUG:colcon:Parsed command line arguments: Namespace(allow_overriding=[], ament_cmake_args=None, base_paths=['.'], build_base='build', catkin_cmake_args=None, catkin_skip_building_tests=False, cmake_args=None, cmake_clean_cache=False, cmake_clean_first=False, cmake_force_configure=False, cmake_target=None, cmake_target_skip_unavailable=False, continue_on_error=False, event_handlers=None, executor='parallel', ignore_user_meta=False, install_base='install', log_base=None, log_level=None, main=<bound method BuildVerb.main of <colcon_core.verb.build.BuildVerb object at 0x7f060887ef40>>, merge_install=False, metas=['./colcon.meta'], packages_above=None, packages_above_and_dependencies=None, packages_above_depth=None, packages_end=None, packages_ignore=None, packages_ignore_regex=None, packages_select=None, packages_select_build_failed=False, packages_select_by_dep=None, packages_select_regex=None, packages_select_test_failures=False, packages_skip=None, packages_skip_build_finished=False, packages_skip_by_dep=None, packages_skip_regex=None, packages_skip_test_passed=False, packages_skip_up_to=None, packages_start=None, packages_up_to=None, packages_up_to_regex=None, parallel_workers=2, paths=None, symlink_install=True, test_result_base=None, verb_extension=<colcon_core.verb.build.BuildVerb object at 0x7f060887ef40>, verb_name='build', verb_parser=<colcon_defaults.argument_parser.defaults.DefaultArgumentsDecorator object at 0x7f060888b490>)
[0.352s] Level 1:colcon.colcon_core.package_discovery:discover_packages(colcon_meta) check parameters
[0.352s] Level 1:colcon.colcon_core.package_discovery:discover_packages(recursive) check parameters
[0.352s] Level 1:colcon.colcon_core.package_discovery:discover_packages(ignore) check parameters
[0.352s] Level 1:colcon.colcon_core.package_discovery:discover_packages(path) check parameters
[0.352s] Level 1:colcon.colcon_core.package_discovery:discover_packages(colcon_meta) discover
[0.352s] Level 1:colcon.colcon_core.package_discovery:discover_packages(recursive) discover
[0.352s] INFO:colcon.colcon_core.package_discovery:Crawling recursively for packages in '/home/ljk/YDS_ws'
[0.352s] Level 1:colcon.colcon_core.package_identification:_identify(.) by extensions ['ignore', 'ignore_ament_install']
[0.352s] Level 1:colcon.colcon_core.package_identification:_identify(.) by extension 'ignore'
[0.352s] Level 1:colcon.colcon_core.package_identification:_identify(.) by extension 'ignore_ament_install'
[0.352s] Level 1:colcon.colcon_core.package_identification:_identify(.) by extensions ['colcon_pkg']
[0.352s] Level 1:colcon.colcon_core.package_identification:_identify(.) by extension 'colcon_pkg'
[0.352s] Level 1:colcon.colcon_core.package_identification:_identify(.) by extensions ['colcon_meta']
[0.352s] Level 1:colcon.colcon_core.package_identification:_identify(.) by extension 'colcon_meta'
[0.352s] Level 1:colcon.colcon_core.package_identification:_identify(.) by extensions ['ros']
[0.353s] Level 1:colcon.colcon_core.package_identification:_identify(.) by extension 'ros'
[0.363s] Level 1:colcon.colcon_core.package_identification:_identify(.) by extensions ['cmake', 'python']
[0.363s] Level 1:colcon.colcon_core.package_identification:_identify(.) by extension 'cmake'
[0.363s] Level 1:colcon.colcon_core.package_identification:_identify(.) by extension 'python'
[0.363s] Level 1:colcon.colcon_core.package_identification:_identify(.) by extensions ['python_setup_py']
[0.363s] Level 1:colcon.colcon_core.package_identification:_identify(.) by extension 'python_setup_py'
[0.363s] Level 1:colcon.colcon_core.package_identification:_identify(build) by extensions ['ignore', 'ignore_ament_install']
[0.363s] Level 1:colcon.colcon_core.package_identification:_identify(build) by extension 'ignore'
[0.363s] Level 1:colcon.colcon_core.package_identification:_identify(build) ignored
[0.364s] Level 1:colcon.colcon_core.package_identification:_identify(install) by extensions ['ignore', 'ignore_ament_install']
[0.364s] Level 1:colcon.colcon_core.package_identification:_identify(install) by extension 'ignore'
[0.364s] Level 1:colcon.colcon_core.package_identification:_identify(install) ignored
[0.364s] Level 1:colcon.colcon_core.package_identification:_identify(log) by extensions ['ignore', 'ignore_ament_install']
[0.364s] Level 1:colcon.colcon_core.package_identification:_identify(log) by extension 'ignore'
[0.364s] Level 1:colcon.colcon_core.package_identification:_identify(log) ignored
[0.364s] Level 1:colcon.colcon_core.package_identification:_identify(src) by extensions ['ignore', 'ignore_ament_install']
[0.364s] Level 1:colcon.colcon_core.package_identification:_identify(src) by extension 'ignore'
[0.364s] Level 1:colcon.colcon_core.package_identification:_identify(src) by extension 'ignore_ament_install'
[0.364s] Level 1:colcon.colcon_core.package_identification:_identify(src) by extensions ['colcon_pkg']
[0.364s] Level 1:colcon.colcon_core.package_identification:_identify(src) by extension 'colcon_pkg'
[0.364s] Level 1:colcon.colcon_core.package_identification:_identify(src) by extensions ['colcon_meta']
[0.364s] Level 1:colcon.colcon_core.package_identification:_identify(src) by extension 'colcon_meta'
[0.364s] Level 1:colcon.colcon_core.package_identification:_identify(src) by extensions ['ros']
[0.364s] Level 1:colcon.colcon_core.package_identification:_identify(src) by extension 'ros'
[0.365s] Level 1:colcon.colcon_core.package_identification:_identify(src) by extensions ['cmake', 'python']
[0.365s] Level 1:colcon.colcon_core.package_identification:_identify(src) by extension 'cmake'
[0.365s] Level 1:colcon.colcon_core.package_identification:_identify(src) by extension 'python'
[0.365s] Level 1:colcon.colcon_core.package_identification:_identify(src) by extensions ['python_setup_py']
[0.365s] Level 1:colcon.colcon_core.package_identification:_identify(src) by extension 'python_setup_py'
[0.365s] Level 1:colcon.colcon_core.package_identification:_identify(src/rtk_reader) by extensions ['ignore', 'ignore_ament_install']
[0.365s] Level 1:colcon.colcon_core.package_identification:_identify(src/rtk_reader) by extension 'ignore'
[0.365s] Level 1:colcon.colcon_core.package_identification:_identify(src/rtk_reader) by extension 'ignore_ament_install'
[0.365s] Level 1:colcon.colcon_core.package_identification:_identify(src/rtk_reader) by extensions ['colcon_pkg']
[0.365s] Level 1:colcon.colcon_core.package_identification:_identify(src/rtk_reader) by extension 'colcon_pkg'
[0.365s] Level 1:colcon.colcon_core.package_identification:_identify(src/rtk_reader) by extensions ['colcon_meta']
[0.365s] Level 1:colcon.colcon_core.package_identification:_identify(src/rtk_reader) by extension 'colcon_meta'
[0.365s] Level 1:colcon.colcon_core.package_identification:_identify(src/rtk_reader) by extensions ['ros']
[0.365s] Level 1:colcon.colcon_core.package_identification:_identify(src/rtk_reader) by extension 'ros'
[0.368s] DEBUG:colcon.colcon_core.package_identification:Package 'src/rtk_reader' with type 'ros.ament_python' and name 'rtk_reader'
[0.368s] Level 1:colcon.colcon_core.package_identification:_identify(src/rtk_to_local) by extensions ['ignore', 'ignore_ament_install']
[0.368s] Level 1:colcon.colcon_core.package_identification:_identify(src/rtk_to_local) by extension 'ignore'
[0.368s] Level 1:colcon.colcon_core.package_identification:_identify(src/rtk_to_local) by extension 'ignore_ament_install'
[0.368s] Level 1:colcon.colcon_core.package_identification:_identify(src/rtk_to_local) by extensions ['colcon_pkg']
[0.368s] Level 1:colcon.colcon_core.package_identification:_identify(src/rtk_to_local) by extension 'colcon_pkg'
[0.368s] Level 1:colcon.colcon_core.package_identification:_identify(src/rtk_to_local) by extensions ['colcon_meta']
[0.368s] Level 1:colcon.colcon_core.package_identification:_identify(src/rtk_to_local) by extension 'colcon_meta'
[0.369s] Level 1:colcon.colcon_core.package_identification:_identify(src/rtk_to_local) by extensions ['ros']
[0.369s] Level 1:colcon.colcon_core.package_identification:_identify(src/rtk_to_local) by extension 'ros'
[0.369s] DEBUG:colcon.colcon_core.package_identification:Package 'src/rtk_to_local' with type 'ros.ament_python' and name 'rtk_to_local'
[0.369s] Level 1:colcon.colcon_core.package_identification:_identify(src/track_error_calc) by extensions ['ignore', 'ignore_ament_install']
[0.369s] Level 1:colcon.colcon_core.package_identification:_identify(src/track_error_calc) by extension 'ignore'
[0.370s] Level 1:colcon.colcon_core.package_identification:_identify(src/track_error_calc) by extension 'ignore_ament_install'
[0.370s] Level 1:colcon.colcon_core.package_identification:_identify(src/track_error_calc) by extensions ['colcon_pkg']
[0.370s] Level 1:colcon.colcon_core.package_identification:_identify(src/track_error_calc) by extension 'colcon_pkg'
[0.370s] Level 1:colcon.colcon_core.package_identification:_identify(src/track_error_calc) by extensions ['colcon_meta']
[0.370s] Level 1:colcon.colcon_core.package_identification:_identify(src/track_error_calc) by extension 'colcon_meta'
[0.370s] Level 1:colcon.colcon_core.package_identification:_identify(src/track_error_calc) by extensions ['ros']
[0.370s] Level 1:colcon.colcon_core.package_identification:_identify(src/track_error_calc) by extension 'ros'
[0.370s] DEBUG:colcon.colcon_core.package_identification:Package 'src/track_error_calc' with type 'ros.ament_python' and name 'track_error_calc'
[0.371s] Level 1:colcon.colcon_core.package_identification:_identify(src/velodyne_preprocess) by extensions ['ignore', 'ignore_ament_install']
[0.371s] Level 1:colcon.colcon_core.package_identification:_identify(src/velodyne_preprocess) by extension 'ignore'
[0.371s] Level 1:colcon.colcon_core.package_identification:_identify(src/velodyne_preprocess) by extension 'ignore_ament_install'
[0.371s] Level 1:colcon.colcon_core.package_identification:_identify(src/velodyne_preprocess) by extensions ['colcon_pkg']
[0.371s] Level 1:colcon.colcon_core.package_identification:_identify(src/velodyne_preprocess) by extension 'colcon_pkg'
[0.371s] Level 1:colcon.colcon_core.package_identification:_identify(src/velodyne_preprocess) by extensions ['colcon_meta']
[0.371s] Level 1:colcon.colcon_core.package_identification:_identify(src/velodyne_preprocess) by extension 'colcon_meta'
[0.371s] Level 1:colcon.colcon_core.package_identification:_identify(src/velodyne_preprocess) by extensions ['ros']
[0.371s] Level 1:colcon.colcon_core.package_identification:_identify(src/velodyne_preprocess) by extension 'ros'
[0.372s] DEBUG:colcon.colcon_core.package_identification:Package 'src/velodyne_preprocess' with type 'ros.ament_python' and name 'velodyne_preprocess'
[0.372s] Level 1:colcon.colcon_core.package_discovery:discover_packages(recursive) using defaults
[0.372s] Level 1:colcon.colcon_core.package_discovery:discover_packages(ignore) discover
[0.372s] Level 1:colcon.colcon_core.package_discovery:discover_packages(ignore) using defaults
[0.372s] Level 1:colcon.colcon_core.package_discovery:discover_packages(path) discover
[0.372s] Level 1:colcon.colcon_core.package_discovery:discover_packages(path) using defaults
[0.389s] Level 1:colcon.colcon_core.package_discovery:discover_packages(prefix_path) check parameters
[0.389s] Level 1:colcon.colcon_core.package_discovery:discover_packages(prefix_path) discover
[0.391s] DEBUG:colcon.colcon_installed_package_information.package_discovery:Found 4 installed packages in /home/ljk/YDS_ws/install
[0.392s] DEBUG:colcon.colcon_installed_package_information.package_discovery:Found 256 installed packages in /opt/ros/foxy
[0.402s] Level 1:colcon.colcon_core.package_discovery:discover_packages(prefix_path) using defaults
[0.459s] Level 5:colcon.colcon_core.verb:set package 'rtk_reader' build argument 'cmake_args' from command line to 'None'
[0.459s] Level 5:colcon.colcon_core.verb:set package 'rtk_reader' build argument 'cmake_target' from command line to 'None'
[0.459s] Level 5:colcon.colcon_core.verb:set package 'rtk_reader' build argument 'cmake_target_skip_unavailable' from command line to 'False'
[0.459s] Level 5:colcon.colcon_core.verb:set package 'rtk_reader' build argument 'cmake_clean_cache' from command line to 'False'
[0.459s] Level 5:colcon.colcon_core.verb:set package 'rtk_reader' build argument 'cmake_clean_first' from command line to 'False'
[0.459s] Level 5:colcon.colcon_core.verb:set package 'rtk_reader' build argument 'cmake_force_configure' from command line to 'False'
[0.459s] Level 5:colcon.colcon_core.verb:set package 'rtk_reader' build argument 'ament_cmake_args' from command line to 'None'
[0.459s] Level 5:colcon.colcon_core.verb:set package 'rtk_reader' build argument 'catkin_cmake_args' from command line to 'None'
[0.459s] Level 5:colcon.colcon_core.verb:set package 'rtk_reader' build argument 'catkin_skip_building_tests' from command line to 'False'
[0.459s] DEBUG:colcon.colcon_core.verb:Building package 'rtk_reader' with the following arguments: {'ament_cmake_args': None, 'build_base': '/home/ljk/YDS_ws/build/rtk_reader', 'catkin_cmake_args': None, 'catkin_skip_building_tests': False, 'cmake_args': None, 'cmake_clean_cache': False, 'cmake_clean_first': False, 'cmake_force_configure': False, 'cmake_target': None, 'cmake_target_skip_unavailable': False, 'install_base': '/home/ljk/YDS_ws/install/rtk_reader', 'merge_install': False, 'path': '/home/ljk/YDS_ws/src/rtk_reader', 'symlink_install': True, 'test_result_base': None}
[0.459s] Level 5:colcon.colcon_core.verb:set package 'rtk_to_local' build argument 'cmake_args' from command line to 'None'
[0.460s] Level 5:colcon.colcon_core.verb:set package 'rtk_to_local' build argument 'cmake_target' from command line to 'None'
[0.460s] Level 5:colcon.colcon_core.verb:set package 'rtk_to_local' build argument 'cmake_target_skip_unavailable' from command line to 'False'
[0.460s] Level 5:colcon.colcon_core.verb:set package 'rtk_to_local' build argument 'cmake_clean_cache' from command line to 'False'
[0.460s] Level 5:colcon.colcon_core.verb:set package 'rtk_to_local' build argument 'cmake_clean_first' from command line to 'False'
[0.460s] Level 5:colcon.colcon_core.verb:set package 'rtk_to_local' build argument 'cmake_force_configure' from command line to 'False'
[0.460s] Level 5:colcon.colcon_core.verb:set package 'rtk_to_local' build argument 'ament_cmake_args' from command line to 'None'
[0.460s] Level 5:colcon.colcon_core.verb:set package 'rtk_to_local' build argument 'catkin_cmake_args' from command line to 'None'
[0.460s] Level 5:colcon.colcon_core.verb:set package 'rtk_to_local' build argument 'catkin_skip_building_tests' from command line to 'False'
[0.460s] DEBUG:colcon.colcon_core.verb:Building package 'rtk_to_local' with the following arguments: {'ament_cmake_args': None, 'build_base': '/home/ljk/YDS_ws/build/rtk_to_local', 'catkin_cmake_args': None, 'catkin_skip_building_tests': False, 'cmake_args': None, 'cmake_clean_cache': False, 'cmake_clean_first': False, 'cmake_force_configure': False, 'cmake_target': None, 'cmake_target_skip_unavailable': False, 'install_base': '/home/ljk/YDS_ws/install/rtk_to_local', 'merge_install': False, 'path': '/home/ljk/YDS_ws/src/rtk_to_local', 'symlink_install': True, 'test_result_base': None}
[0.460s] Level 5:colcon.colcon_core.verb:set package 'track_error_calc' build argument 'cmake_args' from command line to 'None'
[0.460s] Level 5:colcon.colcon_core.verb:set package 'track_error_calc' build argument 'cmake_target' from command line to 'None'
[0.460s] Level 5:colcon.colcon_core.verb:set package 'track_error_calc' build argument 'cmake_target_skip_unavailable' from command line to 'False'
[0.460s] Level 5:colcon.colcon_core.verb:set package 'track_error_calc' build argument 'cmake_clean_cache' from command line to 'False'
[0.460s] Level 5:colcon.colcon_core.verb:set package 'track_error_calc' build argument 'cmake_clean_first' from command line to 'False'
[0.460s] Level 5:colcon.colcon_core.verb:set package 'track_error_calc' build argument 'cmake_force_configure' from command line to 'False'
[0.460s] Level 5:colcon.colcon_core.verb:set package 'track_error_calc' build argument 'ament_cmake_args' from command line to 'None'
[0.460s] Level 5:colcon.colcon_core.verb:set package 'track_error_calc' build argument 'catkin_cmake_args' from command line to 'None'
[0.460s] Level 5:colcon.colcon_core.verb:set package 'track_error_calc' build argument 'catkin_skip_building_tests' from command line to 'False'
[0.460s] DEBUG:colcon.colcon_core.verb:Building package 'track_error_calc' with the following arguments: {'ament_cmake_args': None, 'build_base': '/home/ljk/YDS_ws/build/track_error_calc', 'catkin_cmake_args': None, 'catkin_skip_building_tests': False, 'cmake_args': None, 'cmake_clean_cache': False, 'cmake_clean_first': False, 'cmake_force_configure': False, 'cmake_target': None, 'cmake_target_skip_unavailable': False, 'install_base': '/home/ljk/YDS_ws/install/track_error_calc', 'merge_install': False, 'path': '/home/ljk/YDS_ws/src/track_error_calc', 'symlink_install': True, 'test_result_base': None}
[0.461s] Level 5:colcon.colcon_core.verb:set package 'velodyne_preprocess' build argument 'cmake_args' from command line to 'None'
[0.461s] Level 5:colcon.colcon_core.verb:set package 'velodyne_preprocess' build argument 'cmake_target' from command line to 'None'
[0.461s] Level 5:colcon.colcon_core.verb:set package 'velodyne_preprocess' build argument 'cmake_target_skip_unavailable' from command line to 'False'
[0.461s] Level 5:colcon.colcon_core.verb:set package 'velodyne_preprocess' build argument 'cmake_clean_cache' from command line to 'False'
[0.461s] Level 5:colcon.colcon_core.verb:set package 'velodyne_preprocess' build argument 'cmake_clean_first' from command line to 'False'
[0.461s] Level 5:colcon.colcon_core.verb:set package 'velodyne_preprocess' build argument 'cmake_force_configure' from command line to 'False'
[0.461s] Level 5:colcon.colcon_core.verb:set package 'velodyne_preprocess' build argument 'ament_cmake_args' from command line to 'None'
[0.461s] Level 5:colcon.colcon_core.verb:set package 'velodyne_preprocess' build argument 'catkin_cmake_args' from command line to 'None'
[0.461s] Level 5:colcon.colcon_core.verb:set package 'velodyne_preprocess' build argument 'catkin_skip_building_tests' from command line to 'False'
[0.461s] DEBUG:colcon.colcon_core.verb:Building package 'velodyne_preprocess' with the following arguments: {'ament_cmake_args': None, 'build_base': '/home/ljk/YDS_ws/build/velodyne_preprocess', 'catkin_cmake_args': None, 'catkin_skip_building_tests': False, 'cmake_args': None, 'cmake_clean_cache': False, 'cmake_clean_first': False, 'cmake_force_configure': False, 'cmake_target': None, 'cmake_target_skip_unavailable': False, 'install_base': '/home/ljk/YDS_ws/install/velodyne_preprocess', 'merge_install': False, 'path': '/home/ljk/YDS_ws/src/velodyne_preprocess', 'symlink_install': True, 'test_result_base': None}
[0.461s] INFO:colcon.colcon_core.executor:Executing jobs using 'parallel' executor
[0.462s] DEBUG:colcon.colcon_parallel_executor.executor.parallel:run_until_complete
[0.463s] INFO:colcon.colcon_ros.task.ament_python.build:Building ROS package in '/home/ljk/YDS_ws/src/rtk_reader' with build type 'ament_python'
[0.463s] Level 1:colcon.colcon_core.shell:create_environment_hook('rtk_reader', 'ament_prefix_path')
[0.465s] INFO:colcon.colcon_core.plugin_system:Skipping extension 'colcon_core.shell.bat': Not used on non-Windows systems
[0.465s] INFO:colcon.colcon_core.shell:Creating environment hook '/home/ljk/YDS_ws/install/rtk_reader/share/rtk_reader/hook/ament_prefix_path.ps1'
[0.466s] INFO:colcon.colcon_core.shell:Creating environment descriptor '/home/ljk/YDS_ws/install/rtk_reader/share/rtk_reader/hook/ament_prefix_path.dsv'
[0.467s] INFO:colcon.colcon_core.shell:Creating environment hook '/home/ljk/YDS_ws/install/rtk_reader/share/rtk_reader/hook/ament_prefix_path.sh'
[0.467s] INFO:colcon.colcon_core.shell:Skip shell extension 'powershell' for command environment: Not usable outside of PowerShell
[0.467s] DEBUG:colcon.colcon_core.shell:Skip shell extension 'dsv' for command environment
[0.475s] INFO:colcon.colcon_ros.task.ament_python.build:Building ROS package in '/home/ljk/YDS_ws/src/rtk_to_local' with build type 'ament_python'
[0.475s] Level 1:colcon.colcon_core.shell:create_environment_hook('rtk_to_local', 'ament_prefix_path')
[0.475s] INFO:colcon.colcon_core.shell:Creating environment hook '/home/ljk/YDS_ws/install/rtk_to_local/share/rtk_to_local/hook/ament_prefix_path.ps1'
[0.477s] INFO:colcon.colcon_core.shell:Creating environment descriptor '/home/ljk/YDS_ws/install/rtk_to_local/share/rtk_to_local/hook/ament_prefix_path.dsv'
[0.477s] INFO:colcon.colcon_core.shell:Creating environment hook '/home/ljk/YDS_ws/install/rtk_to_local/share/rtk_to_local/hook/ament_prefix_path.sh'
[0.478s] INFO:colcon.colcon_core.shell:Skip shell extension 'powershell' for command environment: Not usable outside of PowerShell
[0.478s] DEBUG:colcon.colcon_core.shell:Skip shell extension 'dsv' for command environment
[0.782s] INFO:colcon.colcon_core.task.python.build:Building Python package in '/home/ljk/YDS_ws/src/rtk_reader'
[0.783s] INFO:colcon.colcon_core.shell:Skip shell extension 'powershell' for command environment: Not usable outside of PowerShell
[0.783s] DEBUG:colcon.colcon_core.shell:Skip shell extension 'dsv' for command environment
[1.056s] INFO:colcon.colcon_core.task.python.build:Building Python package in '/home/ljk/YDS_ws/src/rtk_to_local'
[1.057s] INFO:colcon.colcon_core.shell:Skip shell extension 'powershell' for command environment: Not usable outside of PowerShell
[1.057s] DEBUG:colcon.colcon_core.shell:Skip shell extension 'dsv' for command environment
[1.555s] DEBUG:colcon.colcon_core.event_handler.log_command:Invoking command in '/home/ljk/YDS_ws/build/rtk_to_local': CONDA_PROMPT_MODIFIER=(base) PYTHONPATH=/home/ljk/YDS_ws/build/rtk_to_local/prefix_override:/usr/lib/python3/dist-packages/colcon_core/task/python/colcon_distutils_commands:/home/ljk/YDS_ws/install/rtk_to_local/lib/python3.8/site-packages:${PYTHONPATH} /usr/bin/python3 -W ignore:setup.py install is deprecated -W ignore:easy_install command is deprecated setup.py develop --editable --build-directory /home/ljk/YDS_ws/build/rtk_to_local/build --no-deps symlink_data
[1.573s] DEBUG:colcon.colcon_core.event_handler.log_command:Invoking command in '/home/ljk/YDS_ws/build/rtk_reader': CONDA_PROMPT_MODIFIER=(base) PYTHONPATH=/home/ljk/YDS_ws/build/rtk_reader/prefix_override:/usr/lib/python3/dist-packages/colcon_core/task/python/colcon_distutils_commands:/home/ljk/YDS_ws/install/rtk_reader/lib/python3.8/site-packages:${PYTHONPATH} /usr/bin/python3 -W ignore:setup.py install is deprecated -W ignore:easy_install command is deprecated setup.py develop --editable --build-directory /home/ljk/YDS_ws/build/rtk_reader/build --no-deps symlink_data
[2.116s] Level 1:colcon.colcon_core.shell:create_environment_hook('rtk_reader', 'pythonpath_develop')
[2.116s] DEBUG:colcon.colcon_core.event_handler.log_command:Invoked command in '/home/ljk/YDS_ws/build/rtk_reader' returned '0': CONDA_PROMPT_MODIFIER=(base) PYTHONPATH=/home/ljk/YDS_ws/build/rtk_reader/prefix_override:/usr/lib/python3/dist-packages/colcon_core/task/python/colcon_distutils_commands:/home/ljk/YDS_ws/install/rtk_reader/lib/python3.8/site-packages:${PYTHONPATH} /usr/bin/python3 -W ignore:setup.py install is deprecated -W ignore:easy_install command is deprecated setup.py develop --editable --build-directory /home/ljk/YDS_ws/build/rtk_reader/build --no-deps symlink_data
[2.117s] INFO:colcon.colcon_core.shell:Creating environment hook '/home/ljk/YDS_ws/build/rtk_reader/share/rtk_reader/hook/pythonpath_develop.ps1'
[2.118s] INFO:colcon.colcon_core.shell:Creating environment descriptor '/home/ljk/YDS_ws/build/rtk_reader/share/rtk_reader/hook/pythonpath_develop.dsv'
[2.119s] INFO:colcon.colcon_core.shell:Creating environment hook '/home/ljk/YDS_ws/build/rtk_reader/share/rtk_reader/hook/pythonpath_develop.sh'
[2.123s] Level 1:colcon.colcon_core.environment:checking '/home/ljk/YDS_ws/install/rtk_reader' for CMake module files
[2.124s] Level 1:colcon.colcon_core.environment:checking '/home/ljk/YDS_ws/install/rtk_reader' for CMake config files
[2.125s] Level 1:colcon.colcon_core.environment:checking '/home/ljk/YDS_ws/install/rtk_reader/lib'
[2.125s] Level 1:colcon.colcon_core.environment:checking '/home/ljk/YDS_ws/install/rtk_reader/bin'
[2.125s] Level 1:colcon.colcon_core.environment:checking '/home/ljk/YDS_ws/install/rtk_reader/lib/pkgconfig/rtk_reader.pc'
[2.126s] Level 1:colcon.colcon_core.environment:checking '/home/ljk/YDS_ws/install/rtk_reader/lib/python3.8/site-packages'
[2.126s] Level 1:colcon.colcon_core.shell:create_environment_hook('rtk_reader', 'pythonpath')
[2.127s] INFO:colcon.colcon_core.shell:Creating environment hook '/home/ljk/YDS_ws/install/rtk_reader/share/rtk_reader/hook/pythonpath.ps1'
[2.128s] INFO:colcon.colcon_core.shell:Creating environment descriptor '/home/ljk/YDS_ws/install/rtk_reader/share/rtk_reader/hook/pythonpath.dsv'
[2.129s] INFO:colcon.colcon_core.shell:Creating environment hook '/home/ljk/YDS_ws/install/rtk_reader/share/rtk_reader/hook/pythonpath.sh'
[2.130s] Level 1:colcon.colcon_core.environment:checking '/home/ljk/YDS_ws/install/rtk_reader/bin'
[2.130s] Level 1:colcon.colcon_core.environment:create_environment_scripts_only(rtk_reader)
[2.130s] INFO:colcon.colcon_core.shell:Creating package script '/home/ljk/YDS_ws/install/rtk_reader/share/rtk_reader/package.ps1'
[2.131s] INFO:colcon.colcon_core.shell:Creating package descriptor '/home/ljk/YDS_ws/install/rtk_reader/share/rtk_reader/package.dsv'
[2.132s] INFO:colcon.colcon_core.shell:Creating package script '/home/ljk/YDS_ws/install/rtk_reader/share/rtk_reader/package.sh'
[2.134s] INFO:colcon.colcon_core.shell:Creating package script '/home/ljk/YDS_ws/install/rtk_reader/share/rtk_reader/package.bash'
[2.135s] INFO:colcon.colcon_core.shell:Creating package script '/home/ljk/YDS_ws/install/rtk_reader/share/rtk_reader/package.zsh'
[2.136s] Level 1:colcon.colcon_core.environment:create_file_with_runtime_dependencies(/home/ljk/YDS_ws/install/rtk_reader/share/colcon-core/packages/rtk_reader)
[2.137s] INFO:colcon.colcon_ros.task.ament_python.build:Building ROS package in '/home/ljk/YDS_ws/src/track_error_calc' with build type 'ament_python'
[2.137s] Level 1:colcon.colcon_core.shell:create_environment_hook('track_error_calc', 'ament_prefix_path')
[2.138s] INFO:colcon.colcon_core.shell:Creating environment hook '/home/ljk/YDS_ws/install/track_error_calc/share/track_error_calc/hook/ament_prefix_path.ps1'
[2.139s] INFO:colcon.colcon_core.shell:Creating environment descriptor '/home/ljk/YDS_ws/install/track_error_calc/share/track_error_calc/hook/ament_prefix_path.dsv'
[2.140s] INFO:colcon.colcon_core.shell:Creating environment hook '/home/ljk/YDS_ws/install/track_error_calc/share/track_error_calc/hook/ament_prefix_path.sh'
[2.141s] INFO:colcon.colcon_core.shell:Skip shell extension 'powershell' for command environment: Not usable outside of PowerShell
[2.141s] DEBUG:colcon.colcon_core.shell:Skip shell extension 'dsv' for command environment
[2.164s] Level 1:colcon.colcon_core.shell:create_environment_hook('rtk_to_local', 'pythonpath_develop')
[2.165s] INFO:colcon.colcon_core.shell:Creating environment hook '/home/ljk/YDS_ws/build/rtk_to_local/share/rtk_to_local/hook/pythonpath_develop.ps1'
[2.166s] INFO:colcon.colcon_core.shell:Creating environment descriptor '/home/ljk/YDS_ws/build/rtk_to_local/share/rtk_to_local/hook/pythonpath_develop.dsv'
[2.166s] INFO:colcon.colcon_core.shell:Creating environment hook '/home/ljk/YDS_ws/build/rtk_to_local/share/rtk_to_local/hook/pythonpath_develop.sh'
[2.167s] Level 1:colcon.colcon_core.environment:checking '/home/ljk/YDS_ws/install/rtk_to_local' for CMake module files
[2.167s] DEBUG:colcon.colcon_core.event_handler.log_command:Invoked command in '/home/ljk/YDS_ws/build/rtk_to_local' returned '0': CONDA_PROMPT_MODIFIER=(base) PYTHONPATH=/home/ljk/YDS_ws/build/rtk_to_local/prefix_override:/usr/lib/python3/dist-packages/colcon_core/task/python/colcon_distutils_commands:/home/ljk/YDS_ws/install/rtk_to_local/lib/python3.8/site-packages:${PYTHONPATH} /usr/bin/python3 -W ignore:setup.py install is deprecated -W ignore:easy_install command is deprecated setup.py develop --editable --build-directory /home/ljk/YDS_ws/build/rtk_to_local/build --no-deps symlink_data
[2.168s] Level 1:colcon.colcon_core.environment:checking '/home/ljk/YDS_ws/install/rtk_to_local' for CMake config files
[2.169s] Level 1:colcon.colcon_core.environment:checking '/home/ljk/YDS_ws/install/rtk_to_local/lib'
[2.169s] Level 1:colcon.colcon_core.environment:checking '/home/ljk/YDS_ws/install/rtk_to_local/bin'
[2.169s] Level 1:colcon.colcon_core.environment:checking '/home/ljk/YDS_ws/install/rtk_to_local/lib/pkgconfig/rtk_to_local.pc'
[2.169s] Level 1:colcon.colcon_core.environment:checking '/home/ljk/YDS_ws/install/rtk_to_local/lib/python3.8/site-packages'
[2.169s] Level 1:colcon.colcon_core.shell:create_environment_hook('rtk_to_local', 'pythonpath')
[2.169s] INFO:colcon.colcon_core.shell:Creating environment hook '/home/ljk/YDS_ws/install/rtk_to_local/share/rtk_to_local/hook/pythonpath.ps1'
[2.170s] INFO:colcon.colcon_core.shell:Creating environment descriptor '/home/ljk/YDS_ws/install/rtk_to_local/share/rtk_to_local/hook/pythonpath.dsv'
[2.170s] INFO:colcon.colcon_core.shell:Creating environment hook '/home/ljk/YDS_ws/install/rtk_to_local/share/rtk_to_local/hook/pythonpath.sh'
[2.171s] Level 1:colcon.colcon_core.environment:checking '/home/ljk/YDS_ws/install/rtk_to_local/bin'
[2.172s] Level 1:colcon.colcon_core.environment:create_environment_scripts_only(rtk_to_local)
[2.172s] INFO:colcon.colcon_core.shell:Creating package script '/home/ljk/YDS_ws/install/rtk_to_local/share/rtk_to_local/package.ps1'
[2.174s] INFO:colcon.colcon_core.shell:Creating package descriptor '/home/ljk/YDS_ws/install/rtk_to_local/share/rtk_to_local/package.dsv'
[2.174s] INFO:colcon.colcon_core.shell:Creating package script '/home/ljk/YDS_ws/install/rtk_to_local/share/rtk_to_local/package.sh'
[2.175s] INFO:colcon.colcon_core.shell:Creating package script '/home/ljk/YDS_ws/install/rtk_to_local/share/rtk_to_local/package.bash'
[2.177s] INFO:colcon.colcon_core.shell:Creating package script '/home/ljk/YDS_ws/install/rtk_to_local/share/rtk_to_local/package.zsh'
[2.177s] Level 1:colcon.colcon_core.environment:create_file_with_runtime_dependencies(/home/ljk/YDS_ws/install/rtk_to_local/share/colcon-core/packages/rtk_to_local)
[2.452s] INFO:colcon.colcon_core.task.python.build:Building Python package in '/home/ljk/YDS_ws/src/track_error_calc'
[2.452s] INFO:colcon.colcon_core.shell:Skip shell extension 'powershell' for command environment: Not usable outside of PowerShell
[2.452s] DEBUG:colcon.colcon_core.shell:Skip shell extension 'dsv' for command environment
[2.459s] INFO:colcon.colcon_ros.task.ament_python.build:Building ROS package in '/home/ljk/YDS_ws/src/velodyne_preprocess' with build type 'ament_python'
[2.460s] Level 1:colcon.colcon_core.shell:create_environment_hook('velodyne_preprocess', 'ament_prefix_path')
[2.460s] INFO:colcon.colcon_core.shell:Creating environment hook '/home/ljk/YDS_ws/install/velodyne_preprocess/share/velodyne_preprocess/hook/ament_prefix_path.ps1'
[2.461s] INFO:colcon.colcon_core.shell:Creating environment descriptor '/home/ljk/YDS_ws/install/velodyne_preprocess/share/velodyne_preprocess/hook/ament_prefix_path.dsv'
[2.462s] INFO:colcon.colcon_core.shell:Creating environment hook '/home/ljk/YDS_ws/install/velodyne_preprocess/share/velodyne_preprocess/hook/ament_prefix_path.sh'
[2.463s] INFO:colcon.colcon_core.shell:Skip shell extension 'powershell' for command environment: Not usable outside of PowerShell
[2.463s] DEBUG:colcon.colcon_core.shell:Skip shell extension 'dsv' for command environment
[2.827s] INFO:colcon.colcon_core.task.python.build:Building Python package in '/home/ljk/YDS_ws/src/velodyne_preprocess'
[2.828s] INFO:colcon.colcon_core.shell:Skip shell extension 'powershell' for command environment: Not usable outside of PowerShell
[2.828s] DEBUG:colcon.colcon_core.shell:Skip shell extension 'dsv' for command environment
[3.034s] DEBUG:colcon.colcon_core.event_handler.log_command:Invoking command in '/home/ljk/YDS_ws/build/track_error_calc': CONDA_PROMPT_MODIFIER=(base) PYTHONPATH=/home/ljk/YDS_ws/build/track_error_calc/prefix_override:/usr/lib/python3/dist-packages/colcon_core/task/python/colcon_distutils_commands:/home/ljk/YDS_ws/install/track_error_calc/lib/python3.8/site-packages:${PYTHONPATH} /usr/bin/python3 -W ignore:setup.py install is deprecated -W ignore:easy_install command is deprecated setup.py develop --editable --build-directory /home/ljk/YDS_ws/build/track_error_calc/build --no-deps symlink_data
[3.353s] DEBUG:colcon.colcon_core.event_handler.log_command:Invoking command in '/home/ljk/YDS_ws/build/velodyne_preprocess': CONDA_PROMPT_MODIFIER=(base) PYTHONPATH=/home/ljk/YDS_ws/build/velodyne_preprocess/prefix_override:/usr/lib/python3/dist-packages/colcon_core/task/python/colcon_distutils_commands:/home/ljk/YDS_ws/install/velodyne_preprocess/lib/python3.8/site-packages:${PYTHONPATH} /usr/bin/python3 -W ignore:setup.py install is deprecated -W ignore:easy_install command is deprecated setup.py develop --editable --build-directory /home/ljk/YDS_ws/build/velodyne_preprocess/build --no-deps symlink_data
[3.596s] Level 1:colcon.colcon_core.shell:create_environment_hook('track_error_calc', 'pythonpath_develop')
[3.596s] INFO:colcon.colcon_core.shell:Creating environment hook '/home/ljk/YDS_ws/build/track_error_calc/share/track_error_calc/hook/pythonpath_develop.ps1'
[3.597s] DEBUG:colcon.colcon_core.event_handler.log_command:Invoked command in '/home/ljk/YDS_ws/build/track_error_calc' returned '0': CONDA_PROMPT_MODIFIER=(base) PYTHONPATH=/home/ljk/YDS_ws/build/track_error_calc/prefix_override:/usr/lib/python3/dist-packages/colcon_core/task/python/colcon_distutils_commands:/home/ljk/YDS_ws/install/track_error_calc/lib/python3.8/site-packages:${PYTHONPATH} /usr/bin/python3 -W ignore:setup.py install is deprecated -W ignore:easy_install command is deprecated setup.py develop --editable --build-directory /home/ljk/YDS_ws/build/track_error_calc/build --no-deps symlink_data
[3.598s] INFO:colcon.colcon_core.shell:Creating environment descriptor '/home/ljk/YDS_ws/build/track_error_calc/share/track_error_calc/hook/pythonpath_develop.dsv'
[3.599s] INFO:colcon.colcon_core.shell:Creating environment hook '/home/ljk/YDS_ws/build/track_error_calc/share/track_error_calc/hook/pythonpath_develop.sh'
[3.600s] Level 1:colcon.colcon_core.environment:checking '/home/ljk/YDS_ws/install/track_error_calc' for CMake module files
[3.601s] Level 1:colcon.colcon_core.environment:checking '/home/ljk/YDS_ws/install/track_error_calc' for CMake config files
[3.601s] Level 1:colcon.colcon_core.environment:checking '/home/ljk/YDS_ws/install/track_error_calc/lib'
[3.602s] Level 1:colcon.colcon_core.environment:checking '/home/ljk/YDS_ws/install/track_error_calc/bin'
[3.602s] Level 1:colcon.colcon_core.environment:checking '/home/ljk/YDS_ws/install/track_error_calc/lib/pkgconfig/track_error_calc.pc'
[3.602s] Level 1:colcon.colcon_core.environment:checking '/home/ljk/YDS_ws/install/track_error_calc/lib/python3.8/site-packages'
[3.602s] Level 1:colcon.colcon_core.shell:create_environment_hook('track_error_calc', 'pythonpath')
[3.603s] INFO:colcon.colcon_core.shell:Creating environment hook '/home/ljk/YDS_ws/install/track_error_calc/share/track_error_calc/hook/pythonpath.ps1'
[3.603s] INFO:colcon.colcon_core.shell:Creating environment descriptor '/home/ljk/YDS_ws/install/track_error_calc/share/track_error_calc/hook/pythonpath.dsv'
[3.604s] INFO:colcon.colcon_core.shell:Creating environment hook '/home/ljk/YDS_ws/install/track_error_calc/share/track_error_calc/hook/pythonpath.sh'
[3.610s] Level 1:colcon.colcon_core.environment:checking '/home/ljk/YDS_ws/install/track_error_calc/bin'
[3.611s] Level 1:colcon.colcon_core.environment:create_environment_scripts_only(track_error_calc)
[3.611s] INFO:colcon.colcon_core.shell:Creating package script '/home/ljk/YDS_ws/install/track_error_calc/share/track_error_calc/package.ps1'
[3.612s] INFO:colcon.colcon_core.shell:Creating package descriptor '/home/ljk/YDS_ws/install/track_error_calc/share/track_error_calc/package.dsv'
[3.613s] INFO:colcon.colcon_core.shell:Creating package script '/home/ljk/YDS_ws/install/track_error_calc/share/track_error_calc/package.sh'
[3.614s] INFO:colcon.colcon_core.shell:Creating package script '/home/ljk/YDS_ws/install/track_error_calc/share/track_error_calc/package.bash'
[3.615s] INFO:colcon.colcon_core.shell:Creating package script '/home/ljk/YDS_ws/install/track_error_calc/share/track_error_calc/package.zsh'
[3.616s] Level 1:colcon.colcon_core.environment:create_file_with_runtime_dependencies(/home/ljk/YDS_ws/install/track_error_calc/share/colcon-core/packages/track_error_calc)
[3.901s] Level 1:colcon.colcon_core.shell:create_environment_hook('velodyne_preprocess', 'pythonpath_develop')
[3.901s] INFO:colcon.colcon_core.shell:Creating environment hook '/home/ljk/YDS_ws/build/velodyne_preprocess/share/velodyne_preprocess/hook/pythonpath_develop.ps1'
[3.902s] DEBUG:colcon.colcon_core.event_handler.log_command:Invoked command in '/home/ljk/YDS_ws/build/velodyne_preprocess' returned '0': CONDA_PROMPT_MODIFIER=(base) PYTHONPATH=/home/ljk/YDS_ws/build/velodyne_preprocess/prefix_override:/usr/lib/python3/dist-packages/colcon_core/task/python/colcon_distutils_commands:/home/ljk/YDS_ws/install/velodyne_preprocess/lib/python3.8/site-packages:${PYTHONPATH} /usr/bin/python3 -W ignore:setup.py install is deprecated -W ignore:easy_install command is deprecated setup.py develop --editable --build-directory /home/ljk/YDS_ws/build/velodyne_preprocess/build --no-deps symlink_data
[3.902s] INFO:colcon.colcon_core.shell:Creating environment descriptor '/home/ljk/YDS_ws/build/velodyne_preprocess/share/velodyne_preprocess/hook/pythonpath_develop.dsv'
[3.903s] INFO:colcon.colcon_core.shell:Creating environment hook '/home/ljk/YDS_ws/build/velodyne_preprocess/share/velodyne_preprocess/hook/pythonpath_develop.sh'
[3.903s] Level 1:colcon.colcon_core.environment:checking '/home/ljk/YDS_ws/install/velodyne_preprocess' for CMake module files
[3.904s] Level 1:colcon.colcon_core.environment:checking '/home/ljk/YDS_ws/install/velodyne_preprocess' for CMake config files
[3.904s] Level 1:colcon.colcon_core.environment:checking '/home/ljk/YDS_ws/install/velodyne_preprocess/lib'
[3.904s] Level 1:colcon.colcon_core.environment:checking '/home/ljk/YDS_ws/install/velodyne_preprocess/bin'
[3.905s] Level 1:colcon.colcon_core.environment:checking '/home/ljk/YDS_ws/install/velodyne_preprocess/lib/pkgconfig/velodyne_preprocess.pc'
[3.905s] Level 1:colcon.colcon_core.environment:checking '/home/ljk/YDS_ws/install/velodyne_preprocess/lib/python3.8/site-packages'
[3.905s] Level 1:colcon.colcon_core.shell:create_environment_hook('velodyne_preprocess', 'pythonpath')
[3.905s] INFO:colcon.colcon_core.shell:Creating environment hook '/home/ljk/YDS_ws/install/velodyne_preprocess/share/velodyne_preprocess/hook/pythonpath.ps1'
[3.905s] INFO:colcon.colcon_core.shell:Creating environment descriptor '/home/ljk/YDS_ws/install/velodyne_preprocess/share/velodyne_preprocess/hook/pythonpath.dsv'
[3.906s] INFO:colcon.colcon_core.shell:Creating environment hook '/home/ljk/YDS_ws/install/velodyne_preprocess/share/velodyne_preprocess/hook/pythonpath.sh'
[3.907s] Level 1:colcon.colcon_core.environment:checking '/home/ljk/YDS_ws/install/velodyne_preprocess/bin'
[3.907s] Level 1:colcon.colcon_core.environment:create_environment_scripts_only(velodyne_preprocess)
[3.907s] INFO:colcon.colcon_core.shell:Creating package script '/home/ljk/YDS_ws/install/velodyne_preprocess/share/velodyne_preprocess/package.ps1'
[3.908s] INFO:colcon.colcon_core.shell:Creating package descriptor '/home/ljk/YDS_ws/install/velodyne_preprocess/share/velodyne_preprocess/package.dsv'
[3.908s] INFO:colcon.colcon_core.shell:Creating package script '/home/ljk/YDS_ws/install/velodyne_preprocess/share/velodyne_preprocess/package.sh'
[3.909s] INFO:colcon.colcon_core.shell:Creating package script '/home/ljk/YDS_ws/install/velodyne_preprocess/share/velodyne_preprocess/package.bash'
[3.909s] INFO:colcon.colcon_core.shell:Creating package script '/home/ljk/YDS_ws/install/velodyne_preprocess/share/velodyne_preprocess/package.zsh'
[3.910s] Level 1:colcon.colcon_core.environment:create_file_with_runtime_dependencies(/home/ljk/YDS_ws/install/velodyne_preprocess/share/colcon-core/packages/velodyne_preprocess)
[3.910s] DEBUG:colcon.colcon_parallel_executor.executor.parallel:closing loop
[3.911s] DEBUG:colcon.colcon_parallel_executor.executor.parallel:loop closed
[3.911s] DEBUG:colcon.colcon_parallel_executor.executor.parallel:run_until_complete finished with '0'
[3.911s] DEBUG:colcon.colcon_core.event_reactor:joining thread
[3.918s] INFO:colcon.colcon_core.plugin_system:Skipping extension 'colcon_notification.desktop_notification.terminal_notifier': Not used on non-Darwin systems
[3.918s] INFO:colcon.colcon_core.plugin_system:Skipping extension 'colcon_notification.desktop_notification.win32': Not used on non-Windows systems
[3.918s] INFO:colcon.colcon_notification.desktop_notification:Sending desktop notification using 'notify2'
[3.938s] DEBUG:colcon.colcon_core.event_reactor:joined thread
[3.939s] INFO:colcon.colcon_core.shell:Creating prefix script '/home/ljk/YDS_ws/install/local_setup.ps1'
[3.940s] INFO:colcon.colcon_core.shell:Creating prefix util module '/home/ljk/YDS_ws/install/_local_setup_util_ps1.py'
[3.942s] INFO:colcon.colcon_core.shell:Creating prefix chain script '/home/ljk/YDS_ws/install/setup.ps1'
[3.943s] INFO:colcon.colcon_core.shell:Creating prefix script '/home/ljk/YDS_ws/install/local_setup.sh'
[3.944s] INFO:colcon.colcon_core.shell:Creating prefix util module '/home/ljk/YDS_ws/install/_local_setup_util_sh.py'
[3.946s] INFO:colcon.colcon_core.shell:Creating prefix chain script '/home/ljk/YDS_ws/install/setup.sh'
[3.948s] INFO:colcon.colcon_core.shell:Creating prefix script '/home/ljk/YDS_ws/install/local_setup.bash'
[3.949s] INFO:colcon.colcon_core.shell:Creating prefix chain script '/home/ljk/YDS_ws/install/setup.bash'
[3.951s] INFO:colcon.colcon_core.shell:Creating prefix script '/home/ljk/YDS_ws/install/local_setup.zsh'
[3.951s] INFO:colcon.colcon_core.shell:Creating prefix chain script '/home/ljk/YDS_ws/install/setup.zsh'
