running develop
running egg_info
creating rtk_to_local.egg-info
writing rtk_to_local.egg-info/PKG-INFO
writing dependency_links to rtk_to_local.egg-info/dependency_links.txt
writing entry points to rtk_to_local.egg-info/entry_points.txt
writing requirements to rtk_to_local.egg-info/requires.txt
writing top-level names to rtk_to_local.egg-info/top_level.txt
writing manifest file 'rtk_to_local.egg-info/SOURCES.txt'
reading manifest file 'rtk_to_local.egg-info/SOURCES.txt'
writing manifest file 'rtk_to_local.egg-info/SOURCES.txt'
running build_ext
Creating /home/ljk/YDS_ws/install/rtk_to_local/lib/python3.8/site-packages/site.py
Creating /home/ljk/YDS_ws/install/rtk_to_local/lib/python3.8/site-packages/rtk-to-local.egg-link (link to .)
Installing rtk_reader script to /home/ljk/YDS_ws/install/rtk_to_local/lib/rtk_to_local

Installed /home/ljk/YDS_ws/build/rtk_to_local
running symlink_data
creating /home/ljk/YDS_ws/install/rtk_to_local/share/ament_index
creating /home/ljk/YDS_ws/install/rtk_to_local/share/ament_index/resource_index
creating /home/ljk/YDS_ws/install/rtk_to_local/share/ament_index/resource_index/packages
symbolically linking /home/ljk/YDS_ws/build/rtk_to_local/resource/rtk_to_local -> /home/ljk/YDS_ws/install/rtk_to_local/share/ament_index/resource_index/packages
symbolically linking /home/ljk/YDS_ws/build/rtk_to_local/package.xml -> /home/ljk/YDS_ws/install/rtk_to_local/share/rtk_to_local
