[1.109s] Invoking command in '/home/ljk/YDS_ws/build/rtk_to_local': CONDA_PROMPT_MODIFIER=(base) PYTHONPATH=/home/ljk/YDS_ws/build/rtk_to_local/prefix_override:/usr/lib/python3/dist-packages/colcon_core/task/python/colcon_distutils_commands:/home/ljk/YDS_ws/install/rtk_to_local/lib/python3.8/site-packages:${PYTHONPATH} /usr/bin/python3 -W ignore:setup.py install is deprecated -W ignore:easy_install command is deprecated setup.py develop --editable --build-directory /home/ljk/YDS_ws/build/rtk_to_local/build --no-deps symlink_data
[1.672s] running develop
[2.092s] running egg_info
[2.092s] creating rtk_to_local.egg-info
[2.092s] writing rtk_to_local.egg-info/PKG-INFO
[2.092s] writing dependency_links to rtk_to_local.egg-info/dependency_links.txt
[2.099s] writing entry points to rtk_to_local.egg-info/entry_points.txt
[2.099s] writing requirements to rtk_to_local.egg-info/requires.txt
[2.099s] writing top-level names to rtk_to_local.egg-info/top_level.txt
[2.100s] writing manifest file 'rtk_to_local.egg-info/SOURCES.txt'
[2.159s] reading manifest file 'rtk_to_local.egg-info/SOURCES.txt'
[2.160s] writing manifest file 'rtk_to_local.egg-info/SOURCES.txt'
[2.227s] running build_ext
[2.228s] Creating /home/ljk/YDS_ws/install/rtk_to_local/lib/python3.8/site-packages/site.py
[2.234s] Creating /home/ljk/YDS_ws/install/rtk_to_local/lib/python3.8/site-packages/rtk-to-local.egg-link (link to .)
[2.236s] Installing rtk_reader script to /home/ljk/YDS_ws/install/rtk_to_local/lib/rtk_to_local
[2.236s] 
[2.236s] Installed /home/ljk/YDS_ws/build/rtk_to_local
[2.240s] running symlink_data
[2.242s] creating /home/ljk/YDS_ws/install/rtk_to_local/share/ament_index
[2.242s] creating /home/ljk/YDS_ws/install/rtk_to_local/share/ament_index/resource_index
[2.242s] creating /home/ljk/YDS_ws/install/rtk_to_local/share/ament_index/resource_index/packages
[2.242s] symbolically linking /home/ljk/YDS_ws/build/rtk_to_local/resource/rtk_to_local -> /home/ljk/YDS_ws/install/rtk_to_local/share/ament_index/resource_index/packages
[2.242s] symbolically linking /home/ljk/YDS_ws/build/rtk_to_local/package.xml -> /home/ljk/YDS_ws/install/rtk_to_local/share/rtk_to_local
[2.313s] Invoked command in '/home/ljk/YDS_ws/build/rtk_to_local' returned '0': CONDA_PROMPT_MODIFIER=(base) PYTHONPATH=/home/ljk/YDS_ws/build/rtk_to_local/prefix_override:/usr/lib/python3/dist-packages/colcon_core/task/python/colcon_distutils_commands:/home/ljk/YDS_ws/install/rtk_to_local/lib/python3.8/site-packages:${PYTHONPATH} /usr/bin/python3 -W ignore:setup.py install is deprecated -W ignore:easy_install command is deprecated setup.py develop --editable --build-directory /home/ljk/YDS_ws/build/rtk_to_local/build --no-deps symlink_data
